2022-02-25 00:40:02 [DEBUG] com.zaxxer.hikari.pool.PoolBase - HikariPool-5 - Closing connection net.sf.log4jdbc.sql.jdbcapi.ConnectionSpy@10e8cf7: (connection has passed maxLifetime)
2022-02-25 00:40:02 [DEBUG] com.zaxxer.hikari.pool.HikariPool - HikariPool-5 - Added connection net.sf.log4jdbc.sql.jdbcapi.ConnectionSpy@64d56715
2022-02-25 00:40:11 [WARN ] com.zaxxer.hikari.pool.HikariPool - HikariPool-5 - Thread starvation or clock leap detected (housekeeper delta=53m46s130ms).
2022-02-25 00:40:11 [DEBUG] com.zaxxer.hikari.pool.HikariPool - HikariPool-5 - Pool stats (total=10, active=0, idle=10, waiting=0)
2022-02-25 00:40:11 [DEBUG] com.zaxxer.hikari.pool.HikariPool - HikariPool-5 - Fill pool skipped, pool is at sufficient level.
2022-02-25 00:40:22 [DEBUG] com.zaxxer.hikari.pool.PoolBase - HikariPool-5 - Closing connection net.sf.log4jdbc.sql.jdbcapi.ConnectionSpy@6f1719a1: (connection has passed maxLifetime)
2022-02-25 00:40:22 [DEBUG] com.zaxxer.hikari.pool.HikariPool - HikariPool-5 - Added connection net.sf.log4jdbc.sql.jdbcapi.ConnectionSpy@777d9024
2022-02-25 00:40:24 [DEBUG] com.zaxxer.hikari.pool.PoolBase - HikariPool-5 - Closing connection net.sf.log4jdbc.sql.jdbcapi.ConnectionSpy@d4e55e5: (connection has passed maxLifetime)
2022-02-25 00:40:24 [DEBUG] com.zaxxer.hikari.pool.HikariPool - HikariPool-5 - Added connection net.sf.log4jdbc.sql.jdbcapi.ConnectionSpy@36409a1f
2022-02-25 00:40:41 [DEBUG] com.zaxxer.hikari.pool.HikariPool - HikariPool-5 - Pool stats (total=10, active=0, idle=10, waiting=0)
2022-02-25 00:40:41 [DEBUG] com.zaxxer.hikari.pool.HikariPool - HikariPool-5 - Fill pool skipped, pool is at sufficient level.
2022-02-25 01:34:03 [DEBUG] com.zaxxer.hikari.pool.PoolBase - HikariPool-5 - Closing connection net.sf.log4jdbc.sql.jdbcapi.ConnectionSpy@941b699: (connection has passed maxLifetime)
2022-02-25 01:34:03 [DEBUG] com.zaxxer.hikari.pool.HikariPool - HikariPool-5 - Added connection net.sf.log4jdbc.sql.jdbcapi.ConnectionSpy@7eee09dd
2022-02-25 01:34:20 [WARN ] com.zaxxer.hikari.pool.HikariPool - HikariPool-5 - Thread starvation or clock leap detected (housekeeper delta=53m39s684ms).
2022-02-25 01:34:20 [DEBUG] com.zaxxer.hikari.pool.HikariPool - HikariPool-5 - Pool stats (total=10, active=0, idle=10, waiting=0)
2022-02-25 01:34:20 [DEBUG] com.zaxxer.hikari.pool.HikariPool - HikariPool-5 - Fill pool skipped, pool is at sufficient level.
2022-02-25 01:34:40 [DEBUG] com.zaxxer.hikari.pool.PoolBase - HikariPool-5 - Closing connection net.sf.log4jdbc.sql.jdbcapi.ConnectionSpy@487cbca2: (connection has passed maxLifetime)
2022-02-25 01:34:40 [DEBUG] com.zaxxer.hikari.pool.HikariPool - HikariPool-5 - Added connection net.sf.log4jdbc.sql.jdbcapi.ConnectionSpy@488e4977
2022-02-25 01:34:45 [DEBUG] com.zaxxer.hikari.pool.PoolBase - HikariPool-5 - Closing connection net.sf.log4jdbc.sql.jdbcapi.ConnectionSpy@46e9f324: (connection has passed maxLifetime)
2022-02-25 01:34:45 [DEBUG] com.zaxxer.hikari.pool.HikariPool - HikariPool-5 - Added connection net.sf.log4jdbc.sql.jdbcapi.ConnectionSpy@9b3434c
2022-02-25 02:28:05 [WARN ] com.zaxxer.hikari.pool.HikariPool - HikariPool-5 - Thread starvation or clock leap detected (housekeeper delta=53m45s23ms).
2022-02-25 02:28:05 [DEBUG] com.zaxxer.hikari.pool.HikariPool - HikariPool-5 - Pool stats (total=10, active=0, idle=10, waiting=0)
2022-02-25 02:28:05 [DEBUG] com.zaxxer.hikari.pool.HikariPool - HikariPool-5 - Fill pool skipped, pool is at sufficient level.
2022-02-25 02:28:17 [DEBUG] com.zaxxer.hikari.pool.PoolBase - HikariPool-5 - Closing connection net.sf.log4jdbc.sql.jdbcapi.ConnectionSpy@4d0d33df: (connection has passed maxLifetime)
2022-02-25 02:28:17 [DEBUG] com.zaxxer.hikari.pool.HikariPool - HikariPool-5 - Added connection net.sf.log4jdbc.sql.jdbcapi.ConnectionSpy@7ba5938d
2022-02-25 02:28:29 [DEBUG] com.zaxxer.hikari.pool.PoolBase - HikariPool-5 - Closing connection net.sf.log4jdbc.sql.jdbcapi.ConnectionSpy@31e73e91: (connection has passed maxLifetime)
2022-02-25 02:28:29 [DEBUG] com.zaxxer.hikari.pool.HikariPool - HikariPool-5 - Added connection net.sf.log4jdbc.sql.jdbcapi.ConnectionSpy@ee17251
2022-02-25 02:28:35 [WARN ] com.zaxxer.hikari.pool.HikariPool - HikariPool-5 - Retrograde clock change detected (housekeeper delta=29s865ms), soft-evicting connections from pool.
2022-02-25 02:28:35 [DEBUG] com.zaxxer.hikari.pool.PoolBase - HikariPool-5 - Closing connection net.sf.log4jdbc.sql.jdbcapi.ConnectionSpy@6ae2fdea: (connection evicted)
2022-02-25 02:28:35 [DEBUG] com.zaxxer.hikari.pool.PoolBase - HikariPool-5 - Closing connection net.sf.log4jdbc.sql.jdbcapi.ConnectionSpy@57c5086b: (connection evicted)
2022-02-25 02:28:35 [DEBUG] com.zaxxer.hikari.pool.PoolBase - HikariPool-5 - Closing connection net.sf.log4jdbc.sql.jdbcapi.ConnectionSpy@64d56715: (connection evicted)
2022-02-25 02:28:35 [DEBUG] com.zaxxer.hikari.pool.HikariPool - HikariPool-5 - Fill pool skipped, pool is at sufficient level.
2022-02-25 02:28:35 [DEBUG] com.zaxxer.hikari.pool.PoolBase - HikariPool-5 - Closing connection net.sf.log4jdbc.sql.jdbcapi.ConnectionSpy@777d9024: (connection evicted)
2022-02-25 02:28:35 [DEBUG] com.zaxxer.hikari.pool.HikariPool - HikariPool-5 - Fill pool skipped, pool is at sufficient level.
2022-02-25 02:28:35 [DEBUG] com.zaxxer.hikari.pool.PoolBase - HikariPool-5 - Closing connection net.sf.log4jdbc.sql.jdbcapi.ConnectionSpy@36409a1f: (connection evicted)
2022-02-25 02:28:35 [DEBUG] com.zaxxer.hikari.pool.HikariPool - HikariPool-5 - Fill pool skipped, pool is at sufficient level.
2022-02-25 02:28:35 [DEBUG] com.zaxxer.hikari.pool.PoolBase - HikariPool-5 - Closing connection net.sf.log4jdbc.sql.jdbcapi.ConnectionSpy@7eee09dd: (connection evicted)
2022-02-25 02:28:35 [DEBUG] com.zaxxer.hikari.pool.HikariPool - HikariPool-5 - Fill pool skipped, pool is at sufficient level.
2022-02-25 02:28:35 [DEBUG] com.zaxxer.hikari.pool.PoolBase - HikariPool-5 - Closing connection net.sf.log4jdbc.sql.jdbcapi.ConnectionSpy@488e4977: (connection evicted)
2022-02-25 02:28:35 [DEBUG] com.zaxxer.hikari.pool.HikariPool - HikariPool-5 - Fill pool skipped, pool is at sufficient level.
2022-02-25 02:28:35 [DEBUG] com.zaxxer.hikari.pool.PoolBase - HikariPool-5 - Closing connection net.sf.log4jdbc.sql.jdbcapi.ConnectionSpy@9b3434c: (connection evicted)
2022-02-25 02:28:35 [DEBUG] com.zaxxer.hikari.pool.HikariPool - HikariPool-5 - Fill pool skipped, pool is at sufficient level.
2022-02-25 02:28:35 [DEBUG] com.zaxxer.hikari.pool.PoolBase - HikariPool-5 - Closing connection net.sf.log4jdbc.sql.jdbcapi.ConnectionSpy@7ba5938d: (connection evicted)
2022-02-25 02:28:35 [DEBUG] com.zaxxer.hikari.pool.HikariPool - HikariPool-5 - Fill pool skipped, pool is at sufficient level.
2022-02-25 02:28:35 [DEBUG] com.zaxxer.hikari.pool.PoolBase - HikariPool-5 - Closing connection net.sf.log4jdbc.sql.jdbcapi.ConnectionSpy@ee17251: (connection evicted)
2022-02-25 02:28:35 [DEBUG] com.zaxxer.hikari.pool.HikariPool - HikariPool-5 - Fill pool skipped, pool is at sufficient level.
2022-02-25 02:28:35 [DEBUG] com.zaxxer.hikari.pool.HikariPool - HikariPool-5 - Added connection net.sf.log4jdbc.sql.jdbcapi.ConnectionSpy@7c7c45aa
2022-02-25 02:28:35 [DEBUG] com.zaxxer.hikari.pool.HikariPool - HikariPool-5 - Added connection net.sf.log4jdbc.sql.jdbcapi.ConnectionSpy@3d414f91
2022-02-25 02:28:35 [DEBUG] com.zaxxer.hikari.pool.HikariPool - HikariPool-5 - Added connection net.sf.log4jdbc.sql.jdbcapi.ConnectionSpy@c365499
2022-02-25 02:28:35 [DEBUG] com.zaxxer.hikari.pool.HikariPool - HikariPool-5 - Added connection net.sf.log4jdbc.sql.jdbcapi.ConnectionSpy@5d6eb0de
2022-02-25 02:28:35 [DEBUG] com.zaxxer.hikari.pool.HikariPool - HikariPool-5 - Added connection net.sf.log4jdbc.sql.jdbcapi.ConnectionSpy@3972152e
2022-02-25 02:28:35 [DEBUG] com.zaxxer.hikari.pool.HikariPool - HikariPool-5 - Added connection net.sf.log4jdbc.sql.jdbcapi.ConnectionSpy@59200901
2022-02-25 02:28:35 [DEBUG] com.zaxxer.hikari.pool.HikariPool - HikariPool-5 - Added connection net.sf.log4jdbc.sql.jdbcapi.ConnectionSpy@7a532ff
2022-02-25 02:28:35 [DEBUG] com.zaxxer.hikari.pool.HikariPool - HikariPool-5 - Added connection net.sf.log4jdbc.sql.jdbcapi.ConnectionSpy@2afdffe6
2022-02-25 02:28:35 [DEBUG] com.zaxxer.hikari.pool.HikariPool - HikariPool-5 - Added connection net.sf.log4jdbc.sql.jdbcapi.ConnectionSpy@16eff015
2022-02-25 02:28:35 [DEBUG] com.zaxxer.hikari.pool.HikariPool - HikariPool-5 - Added connection net.sf.log4jdbc.sql.jdbcapi.ConnectionSpy@44b7d730
2022-02-25 02:28:35 [DEBUG] com.zaxxer.hikari.pool.HikariPool - HikariPool-5 - After adding stats (total=10, active=0, idle=10, waiting=0)
2022-02-25 03:22:20 [WARN ] com.zaxxer.hikari.pool.HikariPool - HikariPool-5 - Thread starvation or clock leap detected (housekeeper delta=53m44s792ms).
2022-02-25 03:22:20 [DEBUG] com.zaxxer.hikari.pool.HikariPool - HikariPool-5 - Pool stats (total=10, active=0, idle=10, waiting=0)
2022-02-25 03:22:20 [DEBUG] com.zaxxer.hikari.pool.HikariPool - HikariPool-5 - Fill pool skipped, pool is at sufficient level.
2022-02-25 03:22:50 [DEBUG] com.zaxxer.hikari.pool.HikariPool - HikariPool-5 - Pool stats (total=10, active=0, idle=10, waiting=0)
2022-02-25 03:22:50 [DEBUG] com.zaxxer.hikari.pool.HikariPool - HikariPool-5 - Fill pool skipped, pool is at sufficient level.
2022-02-25 04:16:36 [WARN ] com.zaxxer.hikari.pool.HikariPool - HikariPool-5 - Thread starvation or clock leap detected (housekeeper delta=53m45s866ms).
2022-02-25 04:16:36 [DEBUG] com.zaxxer.hikari.pool.HikariPool - HikariPool-5 - Pool stats (total=10, active=0, idle=10, waiting=0)
2022-02-25 04:16:36 [DEBUG] com.zaxxer.hikari.pool.HikariPool - HikariPool-5 - Fill pool skipped, pool is at sufficient level.
2022-02-25 04:17:06 [DEBUG] com.zaxxer.hikari.pool.HikariPool - HikariPool-5 - Pool stats (total=10, active=0, idle=10, waiting=0)
2022-02-25 04:17:06 [DEBUG] com.zaxxer.hikari.pool.HikariPool - HikariPool-5 - Fill pool skipped, pool is at sufficient level.
2022-02-25 04:43:26 [WARN ] com.zaxxer.hikari.pool.HikariPool - HikariPool-5 - Thread starvation or clock leap detected (housekeeper delta=26m20s83ms).
2022-02-25 04:43:26 [DEBUG] com.zaxxer.hikari.pool.HikariPool - HikariPool-5 - Pool stats (total=10, active=0, idle=10, waiting=0)
2022-02-25 04:43:26 [DEBUG] com.zaxxer.hikari.pool.HikariPool - HikariPool-5 - Fill pool skipped, pool is at sufficient level.
2022-02-25 05:13:07 [WARN ] com.zaxxer.hikari.pool.HikariPool - HikariPool-5 - Thread starvation or clock leap detected (housekeeper delta=29m40s877ms).
2022-02-25 05:13:07 [DEBUG] com.zaxxer.hikari.pool.HikariPool - HikariPool-5 - Pool stats (total=10, active=0, idle=10, waiting=0)
2022-02-25 05:13:07 [DEBUG] com.zaxxer.hikari.pool.HikariPool - HikariPool-5 - Fill pool skipped, pool is at sufficient level.
2022-02-25 05:13:37 [DEBUG] com.zaxxer.hikari.pool.HikariPool - HikariPool-5 - Pool stats (total=10, active=0, idle=10, waiting=0)
2022-02-25 05:13:37 [DEBUG] com.zaxxer.hikari.pool.HikariPool - HikariPool-5 - Fill pool skipped, pool is at sufficient level.
2022-02-25 06:07:23 [WARN ] com.zaxxer.hikari.pool.HikariPool - HikariPool-5 - Thread starvation or clock leap detected (housekeeper delta=53m45s776ms).
2022-02-25 06:07:23 [DEBUG] com.zaxxer.hikari.pool.HikariPool - HikariPool-5 - Pool stats (total=10, active=0, idle=10, waiting=0)
2022-02-25 06:07:23 [DEBUG] com.zaxxer.hikari.pool.HikariPool - HikariPool-5 - Fill pool skipped, pool is at sufficient level.
2022-02-25 06:07:53 [DEBUG] com.zaxxer.hikari.pool.HikariPool - HikariPool-5 - Pool stats (total=10, active=0, idle=10, waiting=0)
2022-02-25 06:07:53 [DEBUG] com.zaxxer.hikari.pool.HikariPool - HikariPool-5 - Fill pool skipped, pool is at sufficient level.
2022-02-25 07:01:37 [WARN ] com.zaxxer.hikari.pool.HikariPool - HikariPool-5 - Thread starvation or clock leap detected (housekeeper delta=53m44s519ms).
2022-02-25 07:01:37 [DEBUG] com.zaxxer.hikari.pool.HikariPool - HikariPool-5 - Pool stats (total=10, active=0, idle=10, waiting=0)
2022-02-25 07:01:37 [DEBUG] com.zaxxer.hikari.pool.HikariPool - HikariPool-5 - Fill pool skipped, pool is at sufficient level.
2022-02-25 07:02:07 [DEBUG] com.zaxxer.hikari.pool.HikariPool - HikariPool-5 - Pool stats (total=10, active=0, idle=10, waiting=0)
2022-02-25 07:02:07 [DEBUG] com.zaxxer.hikari.pool.HikariPool - HikariPool-5 - Fill pool skipped, pool is at sufficient level.
2022-02-25 07:02:37 [DEBUG] com.zaxxer.hikari.pool.HikariPool - HikariPool-5 - Pool stats (total=10, active=0, idle=10, waiting=0)
2022-02-25 07:02:37 [DEBUG] com.zaxxer.hikari.pool.HikariPool - HikariPool-5 - Fill pool skipped, pool is at sufficient level.
2022-02-25 07:18:33 [WARN ] com.zaxxer.hikari.pool.HikariPool - HikariPool-5 - Thread starvation or clock leap detected (housekeeper delta=15m56s231ms).
2022-02-25 07:18:33 [DEBUG] com.zaxxer.hikari.pool.HikariPool - HikariPool-5 - Pool stats (total=10, active=0, idle=10, waiting=0)
2022-02-25 07:18:33 [DEBUG] com.zaxxer.hikari.pool.HikariPool - HikariPool-5 - Fill pool skipped, pool is at sufficient level.
2022-02-25 07:19:03 [DEBUG] com.zaxxer.hikari.pool.HikariPool - HikariPool-5 - Pool stats (total=10, active=0, idle=10, waiting=0)
2022-02-25 07:19:03 [DEBUG] com.zaxxer.hikari.pool.HikariPool - HikariPool-5 - Fill pool skipped, pool is at sufficient level.
2022-02-25 07:57:22 [WARN ] com.zaxxer.hikari.pool.HikariPool - HikariPool-5 - Thread starvation or clock leap detected (housekeeper delta=38m19s14ms).
2022-02-25 07:57:22 [DEBUG] com.zaxxer.hikari.pool.HikariPool - HikariPool-5 - Pool stats (total=10, active=0, idle=10, waiting=0)
2022-02-25 07:57:22 [DEBUG] com.zaxxer.hikari.pool.HikariPool - HikariPool-5 - Fill pool skipped, pool is at sufficient level.
2022-02-25 07:57:52 [DEBUG] com.zaxxer.hikari.pool.HikariPool - HikariPool-5 - Pool stats (total=10, active=0, idle=10, waiting=0)
2022-02-25 07:57:52 [DEBUG] com.zaxxer.hikari.pool.HikariPool - HikariPool-5 - Fill pool skipped, pool is at sufficient level.
2022-02-25 08:51:39 [WARN ] com.zaxxer.hikari.pool.HikariPool - HikariPool-5 - Thread starvation or clock leap detected (housekeeper delta=53m46s905ms).
2022-02-25 08:51:39 [DEBUG] com.zaxxer.hikari.pool.HikariPool - HikariPool-5 - Pool stats (total=10, active=0, idle=10, waiting=0)
2022-02-25 08:51:39 [DEBUG] com.zaxxer.hikari.pool.HikariPool - HikariPool-5 - Fill pool skipped, pool is at sufficient level.
2022-02-25 09:45:26 [WARN ] com.zaxxer.hikari.pool.HikariPool - HikariPool-5 - Thread starvation or clock leap detected (housekeeper delta=53m47s).
2022-02-25 09:45:27 [DEBUG] com.zaxxer.hikari.pool.HikariPool - HikariPool-5 - Pool stats (total=10, active=0, idle=10, waiting=0)
2022-02-25 09:45:27 [DEBUG] com.zaxxer.hikari.pool.HikariPool - HikariPool-5 - Fill pool skipped, pool is at sufficient level.
2022-02-25 09:45:57 [DEBUG] com.zaxxer.hikari.pool.HikariPool - HikariPool-5 - Pool stats (total=10, active=0, idle=10, waiting=0)
2022-02-25 09:45:57 [DEBUG] com.zaxxer.hikari.pool.HikariPool - HikariPool-5 - Fill pool skipped, pool is at sufficient level.
2022-02-25 10:39:42 [WARN ] com.zaxxer.hikari.pool.HikariPool - HikariPool-5 - Thread starvation or clock leap detected (housekeeper delta=53m44s974ms).
2022-02-25 10:39:42 [DEBUG] com.zaxxer.hikari.pool.HikariPool - HikariPool-5 - Pool stats (total=10, active=0, idle=10, waiting=0)
2022-02-25 10:39:42 [DEBUG] com.zaxxer.hikari.pool.HikariPool - HikariPool-5 - Fill pool skipped, pool is at sufficient level.
2022-02-25 10:40:12 [DEBUG] com.zaxxer.hikari.pool.HikariPool - HikariPool-5 - Pool stats (total=10, active=0, idle=10, waiting=0)
2022-02-25 10:40:12 [DEBUG] com.zaxxer.hikari.pool.HikariPool - HikariPool-5 - Fill pool skipped, pool is at sufficient level.
2022-02-25 11:33:55 [WARN ] com.zaxxer.hikari.pool.HikariPool - HikariPool-5 - Thread starvation or clock leap detected (housekeeper delta=53m43s39ms).
2022-02-25 11:33:55 [DEBUG] com.zaxxer.hikari.pool.HikariPool - HikariPool-5 - Pool stats (total=10, active=0, idle=10, waiting=0)
2022-02-25 11:33:55 [DEBUG] com.zaxxer.hikari.pool.HikariPool - HikariPool-5 - Fill pool skipped, pool is at sufficient level.
2022-02-25 11:34:25 [DEBUG] com.zaxxer.hikari.pool.HikariPool - HikariPool-5 - Pool stats (total=10, active=0, idle=10, waiting=0)
2022-02-25 11:34:25 [DEBUG] com.zaxxer.hikari.pool.HikariPool - HikariPool-5 - Fill pool skipped, pool is at sufficient level.
2022-02-25 12:09:09 [WARN ] com.zaxxer.hikari.pool.HikariPool - HikariPool-5 - Thread starvation or clock leap detected (housekeeper delta=34m44s238ms).
2022-02-25 12:09:09 [DEBUG] com.zaxxer.hikari.pool.HikariPool - HikariPool-5 - Pool stats (total=10, active=0, idle=10, waiting=0)
2022-02-25 12:09:09 [DEBUG] com.zaxxer.hikari.pool.HikariPool - HikariPool-5 - Fill pool skipped, pool is at sufficient level.
2022-02-25 12:09:39 [DEBUG] com.zaxxer.hikari.pool.HikariPool - HikariPool-5 - Pool stats (total=10, active=0, idle=10, waiting=0)
2022-02-25 12:09:39 [DEBUG] com.zaxxer.hikari.pool.HikariPool - HikariPool-5 - Fill pool skipped, pool is at sufficient level.
2022-02-25 12:10:09 [DEBUG] com.zaxxer.hikari.pool.HikariPool - HikariPool-5 - Pool stats (total=10, active=0, idle=10, waiting=0)
2022-02-25 12:10:09 [DEBUG] com.zaxxer.hikari.pool.HikariPool - HikariPool-5 - Fill pool skipped, pool is at sufficient level.
2022-02-25 12:10:39 [DEBUG] com.zaxxer.hikari.pool.HikariPool - HikariPool-5 - Pool stats (total=10, active=0, idle=10, waiting=0)
2022-02-25 12:10:39 [DEBUG] com.zaxxer.hikari.pool.HikariPool - HikariPool-5 - Fill pool skipped, pool is at sufficient level.
2022-02-25 12:11:09 [DEBUG] com.zaxxer.hikari.pool.HikariPool - HikariPool-5 - Pool stats (total=10, active=0, idle=10, waiting=0)
2022-02-25 12:11:09 [DEBUG] com.zaxxer.hikari.pool.HikariPool - HikariPool-5 - Fill pool skipped, pool is at sufficient level.
2022-02-25 12:11:39 [DEBUG] com.zaxxer.hikari.pool.HikariPool - HikariPool-5 - Pool stats (total=10, active=0, idle=10, waiting=0)
2022-02-25 12:11:39 [DEBUG] com.zaxxer.hikari.pool.HikariPool - HikariPool-5 - Fill pool skipped, pool is at sufficient level.
2022-02-25 12:11:53 [DEBUG] org.mybatis.spring.SqlSessionUtils - Creating a new SqlSession
2022-02-25 12:11:53 [DEBUG] org.mybatis.spring.SqlSessionUtils - SqlSession [org.apache.ibatis.session.defaults.DefaultSqlSession@536c070b] was not registered for synchronization because synchronization is not active
2022-02-25 12:11:53 [DEBUG] o.s.jdbc.datasource.DataSourceUtils - Fetching JDBC Connection from DataSource
2022-02-25 12:11:53 [DEBUG] o.m.s.t.SpringManagedTransaction - JDBC Connection [HikariProxyConnection@1807239817 wrapping net.sf.log4jdbc.sql.jdbcapi.ConnectionSpy@7c7c45aa] will not be managed by Spring
2022-02-25 12:11:53 [DEBUG] c.x.c.dao.ArticleDao.getBoardById - ==>  Preparing: SELECT * FROM board AS B WHERE B.id = ? AND B.delStatus = 0
2022-02-25 12:11:53 [DEBUG] c.x.c.dao.ArticleDao.getBoardById - ==> Parameters: 1(Integer)
2022-02-25 12:11:53 [DEBUG] jdbc.sqltiming -  com.zaxxer.hikari.pool.ProxyPreparedStatement.execute(ProxyPreparedStatement.java:44)
1035. SELECT *
				FROM board AS B
				WHERE B.id = 1
				AND B.delStatus = 0
 {executed in 4 msec}
2022-02-25 12:11:53 [INFO ] jdbc.resultsettable - 
|---|--------------------|--------------------|-------|-------|------------|----------|----------|--------|---------|-------------|----------|-------------|
|id |regdate             |updatedate          |name   |code   |blindstatus |blinddate |delstatus |deldate |hitcount |repliescount |likecount |dislikecount |
|---|--------------------|--------------------|-------|-------|------------|----------|----------|--------|---------|-------------|----------|-------------|
|1  |2022-02-18 19:05:10 |2022-02-18 19:05:10 |NOTICE |notice |false       |null      |false     |null    |0        |0            |0         |0            |
|---|--------------------|--------------------|-------|-------|------------|----------|----------|--------|---------|-------------|----------|-------------|

2022-02-25 12:11:53 [DEBUG] c.x.c.dao.ArticleDao.getBoardById - <==      Total: 1
2022-02-25 12:11:53 [DEBUG] org.mybatis.spring.SqlSessionUtils - Closing non transactional SqlSession [org.apache.ibatis.session.defaults.DefaultSqlSession@536c070b]
2022-02-25 12:11:53 [DEBUG] org.mybatis.spring.SqlSessionUtils - Creating a new SqlSession
2022-02-25 12:11:53 [DEBUG] org.mybatis.spring.SqlSessionUtils - SqlSession [org.apache.ibatis.session.defaults.DefaultSqlSession@189cfe7b] was not registered for synchronization because synchronization is not active
2022-02-25 12:11:53 [DEBUG] o.s.jdbc.datasource.DataSourceUtils - Fetching JDBC Connection from DataSource
2022-02-25 12:11:53 [DEBUG] o.m.s.t.SpringManagedTransaction - JDBC Connection [HikariProxyConnection@1045064882 wrapping net.sf.log4jdbc.sql.jdbcapi.ConnectionSpy@7c7c45aa] will not be managed by Spring
2022-02-25 12:11:53 [DEBUG] c.x.c.d.A.getArticlesTotalCount - ==>  Preparing: SELECT COUNT(*) AS cnt FROM article AS A WHERE A.boardId = ? AND A.delStatus = 0
2022-02-25 12:11:53 [DEBUG] c.x.c.d.A.getArticlesTotalCount - ==> Parameters: 1(Integer)
2022-02-25 12:11:53 [DEBUG] jdbc.sqltiming -  com.zaxxer.hikari.pool.ProxyPreparedStatement.execute(ProxyPreparedStatement.java:44)
1035. SELECT COUNT(*) AS cnt
				FROM article AS A
				WHERE A.boardId = 1

				AND A.delStatus = 0
 {executed in 2 msec}
2022-02-25 12:11:53 [INFO ] jdbc.resultsettable - 
|----|
|cnt |
|----|
|5   |
|----|

2022-02-25 12:11:53 [DEBUG] c.x.c.d.A.getArticlesTotalCount - <==      Total: 1
2022-02-25 12:11:53 [DEBUG] org.mybatis.spring.SqlSessionUtils - Closing non transactional SqlSession [org.apache.ibatis.session.defaults.DefaultSqlSession@189cfe7b]
2022-02-25 12:11:53 [DEBUG] org.mybatis.spring.SqlSessionUtils - Creating a new SqlSession
2022-02-25 12:11:53 [DEBUG] org.mybatis.spring.SqlSessionUtils - SqlSession [org.apache.ibatis.session.defaults.DefaultSqlSession@77730bd3] was not registered for synchronization because synchronization is not active
2022-02-25 12:11:53 [DEBUG] o.s.jdbc.datasource.DataSourceUtils - Fetching JDBC Connection from DataSource
2022-02-25 12:11:53 [DEBUG] o.m.s.t.SpringManagedTransaction - JDBC Connection [HikariProxyConnection@638331821 wrapping net.sf.log4jdbc.sql.jdbcapi.ConnectionSpy@7c7c45aa] will not be managed by Spring
2022-02-25 12:11:53 [DEBUG] c.x.c.d.A.getForPrintArticles - ==>  Preparing: SELECT * FROM article AS A WHERE A.boardId = ? ORDER BY A.id DESC LIMIT ?, ?;
2022-02-25 12:11:53 [DEBUG] c.x.c.d.A.getForPrintArticles - ==> Parameters: 1(Integer), 0(Integer), 20(Integer)
2022-02-25 12:11:53 [DEBUG] jdbc.sqltiming -  com.zaxxer.hikari.pool.ProxyPreparedStatement.execute(ProxyPreparedStatement.java:44)
1035. SELECT *
				FROM article AS A
				WHERE A.boardId = 1

				ORDER BY A.id DESC
				LIMIT 0, 20;
 {executed in 1 msec}
2022-02-25 12:11:53 [INFO ] jdbc.resultsettable - 
|---|--------------------|--------------------|--------|---------|------|-----|------------|----------|----------|--------|---------|-------------|----------|-------------|
|id |regdate             |updatedate          |boardid |memberid |title |body |blindstatus |blinddate |delstatus |deldate |hitcount |repliescount |likecount |dislikecount |
|---|--------------------|--------------------|--------|---------|------|-----|------------|----------|----------|--------|---------|-------------|----------|-------------|
|5  |2022-02-18 19:05:10 |2022-02-18 19:05:10 |1       |2        |가나목5  |본문3  |false       |null      |false     |null    |0        |0            |0         |0            |
|4  |2022-02-18 19:05:10 |2022-02-18 19:05:10 |1       |2        |제목4   |본문4  |false       |null      |false     |null    |0        |0            |0         |0            |
|3  |2022-02-18 19:05:10 |2022-02-18 19:05:10 |1       |1        |제목3   |본문3  |false       |null      |false     |null    |0        |0            |0         |0            |
|2  |2022-02-18 19:05:10 |2022-02-18 19:05:10 |1       |1        |제목2   |본문2  |false       |null      |false     |null    |0        |0            |0         |0            |
|1  |2022-02-18 19:05:10 |2022-02-18 19:05:10 |1       |1        |제목1   |본문1  |false       |null      |false     |null    |0        |0            |0         |0            |
|---|--------------------|--------------------|--------|---------|------|-----|------------|----------|----------|--------|---------|-------------|----------|-------------|

2022-02-25 12:11:53 [DEBUG] c.x.c.d.A.getForPrintArticles - <==      Total: 5
2022-02-25 12:11:53 [DEBUG] org.mybatis.spring.SqlSessionUtils - Closing non transactional SqlSession [org.apache.ibatis.session.defaults.DefaultSqlSession@77730bd3]
2022-02-25 12:11:57 [DEBUG] org.mybatis.spring.SqlSessionUtils - Creating a new SqlSession
2022-02-25 12:11:57 [DEBUG] org.mybatis.spring.SqlSessionUtils - SqlSession [org.apache.ibatis.session.defaults.DefaultSqlSession@3d71c7c2] was not registered for synchronization because synchronization is not active
2022-02-25 12:11:57 [DEBUG] o.s.jdbc.datasource.DataSourceUtils - Fetching JDBC Connection from DataSource
2022-02-25 12:11:57 [DEBUG] o.m.s.t.SpringManagedTransaction - JDBC Connection [HikariProxyConnection@258350427 wrapping net.sf.log4jdbc.sql.jdbcapi.ConnectionSpy@7c7c45aa] will not be managed by Spring
2022-02-25 12:11:57 [DEBUG] c.x.c.dao.ArticleDao.getBoardById - ==>  Preparing: SELECT * FROM board AS B WHERE B.id = ? AND B.delStatus = 0
2022-02-25 12:11:57 [DEBUG] c.x.c.dao.ArticleDao.getBoardById - ==> Parameters: 1(Integer)
2022-02-25 12:11:57 [DEBUG] jdbc.sqltiming -  com.zaxxer.hikari.pool.ProxyPreparedStatement.execute(ProxyPreparedStatement.java:44)
1035. SELECT *
				FROM board AS B
				WHERE B.id = 1
				AND B.delStatus = 0
 {executed in 1 msec}
2022-02-25 12:11:57 [INFO ] jdbc.resultsettable - 
|---|--------------------|--------------------|-------|-------|------------|----------|----------|--------|---------|-------------|----------|-------------|
|id |regdate             |updatedate          |name   |code   |blindstatus |blinddate |delstatus |deldate |hitcount |repliescount |likecount |dislikecount |
|---|--------------------|--------------------|-------|-------|------------|----------|----------|--------|---------|-------------|----------|-------------|
|1  |2022-02-18 19:05:10 |2022-02-18 19:05:10 |NOTICE |notice |false       |null      |false     |null    |0        |0            |0         |0            |
|---|--------------------|--------------------|-------|-------|------------|----------|----------|--------|---------|-------------|----------|-------------|

2022-02-25 12:11:57 [DEBUG] c.x.c.dao.ArticleDao.getBoardById - <==      Total: 1
2022-02-25 12:11:57 [DEBUG] org.mybatis.spring.SqlSessionUtils - Closing non transactional SqlSession [org.apache.ibatis.session.defaults.DefaultSqlSession@3d71c7c2]
2022-02-25 12:11:57 [DEBUG] org.mybatis.spring.SqlSessionUtils - Creating a new SqlSession
2022-02-25 12:11:57 [DEBUG] org.mybatis.spring.SqlSessionUtils - SqlSession [org.apache.ibatis.session.defaults.DefaultSqlSession@64395c64] was not registered for synchronization because synchronization is not active
2022-02-25 12:11:57 [DEBUG] o.s.jdbc.datasource.DataSourceUtils - Fetching JDBC Connection from DataSource
2022-02-25 12:11:57 [DEBUG] o.m.s.t.SpringManagedTransaction - JDBC Connection [HikariProxyConnection@46337543 wrapping net.sf.log4jdbc.sql.jdbcapi.ConnectionSpy@7c7c45aa] will not be managed by Spring
2022-02-25 12:11:57 [DEBUG] c.x.c.d.A.getArticlesTotalCount - ==>  Preparing: SELECT COUNT(*) AS cnt FROM article AS A WHERE A.boardId = ? AND A.delStatus = 0
2022-02-25 12:11:57 [DEBUG] c.x.c.d.A.getArticlesTotalCount - ==> Parameters: 1(Integer)
2022-02-25 12:11:57 [DEBUG] jdbc.sqltiming -  com.zaxxer.hikari.pool.ProxyPreparedStatement.execute(ProxyPreparedStatement.java:44)
1035. SELECT COUNT(*) AS cnt
				FROM article AS A
				WHERE A.boardId = 1

				AND A.delStatus = 0
 {executed in 2 msec}
2022-02-25 12:11:57 [INFO ] jdbc.resultsettable - 
|----|
|cnt |
|----|
|5   |
|----|

2022-02-25 12:11:57 [DEBUG] c.x.c.d.A.getArticlesTotalCount - <==      Total: 1
2022-02-25 12:11:57 [DEBUG] org.mybatis.spring.SqlSessionUtils - Closing non transactional SqlSession [org.apache.ibatis.session.defaults.DefaultSqlSession@64395c64]
2022-02-25 12:11:57 [DEBUG] org.mybatis.spring.SqlSessionUtils - Creating a new SqlSession
2022-02-25 12:11:57 [DEBUG] org.mybatis.spring.SqlSessionUtils - SqlSession [org.apache.ibatis.session.defaults.DefaultSqlSession@368b3908] was not registered for synchronization because synchronization is not active
2022-02-25 12:11:57 [DEBUG] o.s.jdbc.datasource.DataSourceUtils - Fetching JDBC Connection from DataSource
2022-02-25 12:11:57 [DEBUG] o.m.s.t.SpringManagedTransaction - JDBC Connection [HikariProxyConnection@346119365 wrapping net.sf.log4jdbc.sql.jdbcapi.ConnectionSpy@7c7c45aa] will not be managed by Spring
2022-02-25 12:11:57 [DEBUG] c.x.c.d.A.getForPrintArticles - ==>  Preparing: SELECT * FROM article AS A WHERE A.boardId = ? ORDER BY A.id DESC LIMIT ?, ?;
2022-02-25 12:11:57 [DEBUG] c.x.c.d.A.getForPrintArticles - ==> Parameters: 1(Integer), 0(Integer), 20(Integer)
2022-02-25 12:11:57 [DEBUG] jdbc.sqltiming -  com.zaxxer.hikari.pool.ProxyPreparedStatement.execute(ProxyPreparedStatement.java:44)
1035. SELECT *
				FROM article AS A
				WHERE A.boardId = 1

				ORDER BY A.id DESC
				LIMIT 0, 20;
 {executed in 1 msec}
2022-02-25 12:11:57 [INFO ] jdbc.resultsettable - 
|---|--------------------|--------------------|--------|---------|------|-----|------------|----------|----------|--------|---------|-------------|----------|-------------|
|id |regdate             |updatedate          |boardid |memberid |title |body |blindstatus |blinddate |delstatus |deldate |hitcount |repliescount |likecount |dislikecount |
|---|--------------------|--------------------|--------|---------|------|-----|------------|----------|----------|--------|---------|-------------|----------|-------------|
|5  |2022-02-18 19:05:10 |2022-02-18 19:05:10 |1       |2        |가나목5  |본문3  |false       |null      |false     |null    |0        |0            |0         |0            |
|4  |2022-02-18 19:05:10 |2022-02-18 19:05:10 |1       |2        |제목4   |본문4  |false       |null      |false     |null    |0        |0            |0         |0            |
|3  |2022-02-18 19:05:10 |2022-02-18 19:05:10 |1       |1        |제목3   |본문3  |false       |null      |false     |null    |0        |0            |0         |0            |
|2  |2022-02-18 19:05:10 |2022-02-18 19:05:10 |1       |1        |제목2   |본문2  |false       |null      |false     |null    |0        |0            |0         |0            |
|1  |2022-02-18 19:05:10 |2022-02-18 19:05:10 |1       |1        |제목1   |본문1  |false       |null      |false     |null    |0        |0            |0         |0            |
|---|--------------------|--------------------|--------|---------|------|-----|------------|----------|----------|--------|---------|-------------|----------|-------------|

2022-02-25 12:11:57 [DEBUG] c.x.c.d.A.getForPrintArticles - <==      Total: 5
2022-02-25 12:11:57 [DEBUG] org.mybatis.spring.SqlSessionUtils - Closing non transactional SqlSession [org.apache.ibatis.session.defaults.DefaultSqlSession@368b3908]
2022-02-25 12:12:09 [DEBUG] com.zaxxer.hikari.pool.HikariPool - HikariPool-5 - Pool stats (total=10, active=0, idle=10, waiting=0)
2022-02-25 12:12:09 [DEBUG] com.zaxxer.hikari.pool.HikariPool - HikariPool-5 - Fill pool skipped, pool is at sufficient level.
2022-02-25 12:12:34 [DEBUG] org.mybatis.spring.SqlSessionUtils - Creating a new SqlSession
2022-02-25 12:12:34 [DEBUG] org.mybatis.spring.SqlSessionUtils - SqlSession [org.apache.ibatis.session.defaults.DefaultSqlSession@6abef281] was not registered for synchronization because synchronization is not active
2022-02-25 12:12:34 [DEBUG] o.s.jdbc.datasource.DataSourceUtils - Fetching JDBC Connection from DataSource
2022-02-25 12:12:34 [DEBUG] o.m.s.t.SpringManagedTransaction - JDBC Connection [HikariProxyConnection@210354924 wrapping net.sf.log4jdbc.sql.jdbcapi.ConnectionSpy@7c7c45aa] will not be managed by Spring
2022-02-25 12:12:34 [DEBUG] c.x.c.dao.ArticleDao.getBoardById - ==>  Preparing: SELECT * FROM board AS B WHERE B.id = ? AND B.delStatus = 0
2022-02-25 12:12:34 [DEBUG] c.x.c.dao.ArticleDao.getBoardById - ==> Parameters: 1(Integer)
2022-02-25 12:12:34 [DEBUG] jdbc.sqltiming -  com.zaxxer.hikari.pool.ProxyPreparedStatement.execute(ProxyPreparedStatement.java:44)
1035. SELECT *
				FROM board AS B
				WHERE B.id = 1
				AND B.delStatus = 0
 {executed in 1 msec}
2022-02-25 12:12:34 [INFO ] jdbc.resultsettable - 
|---|--------------------|--------------------|-------|-------|------------|----------|----------|--------|---------|-------------|----------|-------------|
|id |regdate             |updatedate          |name   |code   |blindstatus |blinddate |delstatus |deldate |hitcount |repliescount |likecount |dislikecount |
|---|--------------------|--------------------|-------|-------|------------|----------|----------|--------|---------|-------------|----------|-------------|
|1  |2022-02-18 19:05:10 |2022-02-18 19:05:10 |NOTICE |notice |false       |null      |false     |null    |0        |0            |0         |0            |
|---|--------------------|--------------------|-------|-------|------------|----------|----------|--------|---------|-------------|----------|-------------|

2022-02-25 12:12:34 [DEBUG] c.x.c.dao.ArticleDao.getBoardById - <==      Total: 1
2022-02-25 12:12:34 [DEBUG] org.mybatis.spring.SqlSessionUtils - Closing non transactional SqlSession [org.apache.ibatis.session.defaults.DefaultSqlSession@6abef281]
2022-02-25 12:12:34 [DEBUG] org.mybatis.spring.SqlSessionUtils - Creating a new SqlSession
2022-02-25 12:12:34 [DEBUG] org.mybatis.spring.SqlSessionUtils - SqlSession [org.apache.ibatis.session.defaults.DefaultSqlSession@10bbaa59] was not registered for synchronization because synchronization is not active
2022-02-25 12:12:34 [DEBUG] o.s.jdbc.datasource.DataSourceUtils - Fetching JDBC Connection from DataSource
2022-02-25 12:12:34 [DEBUG] o.m.s.t.SpringManagedTransaction - JDBC Connection [HikariProxyConnection@979550003 wrapping net.sf.log4jdbc.sql.jdbcapi.ConnectionSpy@7c7c45aa] will not be managed by Spring
2022-02-25 12:12:34 [DEBUG] c.x.c.d.A.getArticlesTotalCount - ==>  Preparing: SELECT COUNT(*) AS cnt FROM article AS A WHERE A.boardId = ? AND A.delStatus = 0
2022-02-25 12:12:34 [DEBUG] c.x.c.d.A.getArticlesTotalCount - ==> Parameters: 1(Integer)
2022-02-25 12:12:34 [DEBUG] jdbc.sqltiming -  com.zaxxer.hikari.pool.ProxyPreparedStatement.execute(ProxyPreparedStatement.java:44)
1035. SELECT COUNT(*) AS cnt
				FROM article AS A
				WHERE A.boardId = 1

				AND A.delStatus = 0
 {executed in 1 msec}
2022-02-25 12:12:34 [INFO ] jdbc.resultsettable - 
|----|
|cnt |
|----|
|30  |
|----|

2022-02-25 12:12:34 [DEBUG] c.x.c.d.A.getArticlesTotalCount - <==      Total: 1
2022-02-25 12:12:34 [DEBUG] org.mybatis.spring.SqlSessionUtils - Closing non transactional SqlSession [org.apache.ibatis.session.defaults.DefaultSqlSession@10bbaa59]
2022-02-25 12:12:34 [DEBUG] org.mybatis.spring.SqlSessionUtils - Creating a new SqlSession
2022-02-25 12:12:34 [DEBUG] org.mybatis.spring.SqlSessionUtils - SqlSession [org.apache.ibatis.session.defaults.DefaultSqlSession@2aa65c96] was not registered for synchronization because synchronization is not active
2022-02-25 12:12:34 [DEBUG] o.s.jdbc.datasource.DataSourceUtils - Fetching JDBC Connection from DataSource
2022-02-25 12:12:34 [DEBUG] o.m.s.t.SpringManagedTransaction - JDBC Connection [HikariProxyConnection@1414666066 wrapping net.sf.log4jdbc.sql.jdbcapi.ConnectionSpy@7c7c45aa] will not be managed by Spring
2022-02-25 12:12:34 [DEBUG] c.x.c.d.A.getForPrintArticles - ==>  Preparing: SELECT * FROM article AS A WHERE A.boardId = ? ORDER BY A.id DESC LIMIT ?, ?;
2022-02-25 12:12:34 [DEBUG] c.x.c.d.A.getForPrintArticles - ==> Parameters: 1(Integer), 0(Integer), 20(Integer)
2022-02-25 12:12:34 [DEBUG] jdbc.sqltiming -  com.zaxxer.hikari.pool.ProxyPreparedStatement.execute(ProxyPreparedStatement.java:44)
1035. SELECT *
				FROM article AS A
				WHERE A.boardId = 1

				ORDER BY A.id DESC
				LIMIT 0, 20;
 {executed in 1 msec}
2022-02-25 12:12:34 [INFO ] jdbc.resultsettable - 
|---|--------------------|--------------------|--------|---------|------|-----|------------|----------|----------|--------|---------|-------------|----------|-------------|
|id |regdate             |updatedate          |boardid |memberid |title |body |blindstatus |blinddate |delstatus |deldate |hitcount |repliescount |likecount |dislikecount |
|---|--------------------|--------------------|--------|---------|------|-----|------------|----------|----------|--------|---------|-------------|----------|-------------|
|32 |2022-02-25 12:12:31 |2022-02-25 12:12:31 |1       |2        |가나목5  |본문3  |false       |null      |false     |null    |0        |0            |0         |0            |
|31 |2022-02-25 12:12:31 |2022-02-25 12:12:31 |1       |2        |제목4   |본문4  |false       |null      |false     |null    |0        |0            |0         |0            |
|30 |2022-02-25 12:12:31 |2022-02-25 12:12:31 |1       |1        |제목3   |본문3  |false       |null      |false     |null    |0        |0            |0         |0            |
|29 |2022-02-25 12:12:31 |2022-02-25 12:12:31 |1       |1        |제목2   |본문2  |false       |null      |false     |null    |0        |0            |0         |0            |
|28 |2022-02-25 12:12:31 |2022-02-25 12:12:31 |1       |1        |제목1   |본문1  |false       |null      |false     |null    |0        |0            |0         |0            |
|27 |2022-02-25 12:12:30 |2022-02-25 12:12:30 |1       |2        |가나목5  |본문3  |false       |null      |false     |null    |0        |0            |0         |0            |
|26 |2022-02-25 12:12:30 |2022-02-25 12:12:30 |1       |2        |제목4   |본문4  |false       |null      |false     |null    |0        |0            |0         |0            |
|25 |2022-02-25 12:12:30 |2022-02-25 12:12:30 |1       |1        |제목3   |본문3  |false       |null      |false     |null    |0        |0            |0         |0            |
|24 |2022-02-25 12:12:30 |2022-02-25 12:12:30 |1       |1        |제목2   |본문2  |false       |null      |false     |null    |0        |0            |0         |0            |
|23 |2022-02-25 12:12:30 |2022-02-25 12:12:30 |1       |1        |제목1   |본문1  |false       |null      |false     |null    |0        |0            |0         |0            |
|22 |2022-02-25 12:12:30 |2022-02-25 12:12:30 |1       |2        |가나목5  |본문3  |false       |null      |false     |null    |0        |0            |0         |0            |
|21 |2022-02-25 12:12:30 |2022-02-25 12:12:30 |1       |2        |제목4   |본문4  |false       |null      |false     |null    |0        |0            |0         |0            |
|20 |2022-02-25 12:12:30 |2022-02-25 12:12:30 |1       |1        |제목3   |본문3  |false       |null      |false     |null    |0        |0            |0         |0            |
|19 |2022-02-25 12:12:30 |2022-02-25 12:12:30 |1       |1        |제목2   |본문2  |false       |null      |false     |null    |0        |0            |0         |0            |
|18 |2022-02-25 12:12:30 |2022-02-25 12:12:30 |1       |1        |제목1   |본문1  |false       |null      |false     |null    |0        |0            |0         |0            |
|17 |2022-02-25 12:12:29 |2022-02-25 12:12:29 |1       |2        |가나목5  |본문3  |false       |null      |false     |null    |0        |0            |0         |0            |
|16 |2022-02-25 12:12:29 |2022-02-25 12:12:29 |1       |2        |제목4   |본문4  |false       |null      |false     |null    |0        |0            |0         |0            |
|15 |2022-02-25 12:12:29 |2022-02-25 12:12:29 |1       |1        |제목3   |본문3  |false       |null      |false     |null    |0        |0            |0         |0            |
|14 |2022-02-25 12:12:29 |2022-02-25 12:12:29 |1       |1        |제목2   |본문2  |false       |null      |false     |null    |0        |0            |0         |0            |
|13 |2022-02-25 12:12:29 |2022-02-25 12:12:29 |1       |1        |제목1   |본문1  |false       |null      |false     |null    |0        |0            |0         |0            |
|---|--------------------|--------------------|--------|---------|------|-----|------------|----------|----------|--------|---------|-------------|----------|-------------|

2022-02-25 12:12:34 [DEBUG] c.x.c.d.A.getForPrintArticles - <==      Total: 20
2022-02-25 12:12:34 [DEBUG] org.mybatis.spring.SqlSessionUtils - Closing non transactional SqlSession [org.apache.ibatis.session.defaults.DefaultSqlSession@2aa65c96]
2022-02-25 12:12:39 [DEBUG] com.zaxxer.hikari.pool.HikariPool - HikariPool-5 - Pool stats (total=10, active=0, idle=10, waiting=0)
2022-02-25 12:12:39 [DEBUG] com.zaxxer.hikari.pool.HikariPool - HikariPool-5 - Fill pool skipped, pool is at sufficient level.
2022-02-25 12:12:41 [DEBUG] org.mybatis.spring.SqlSessionUtils - Creating a new SqlSession
2022-02-25 12:12:41 [DEBUG] org.mybatis.spring.SqlSessionUtils - SqlSession [org.apache.ibatis.session.defaults.DefaultSqlSession@3d8b2f7] was not registered for synchronization because synchronization is not active
2022-02-25 12:12:41 [DEBUG] o.s.jdbc.datasource.DataSourceUtils - Fetching JDBC Connection from DataSource
2022-02-25 12:12:41 [DEBUG] o.m.s.t.SpringManagedTransaction - JDBC Connection [HikariProxyConnection@649380451 wrapping net.sf.log4jdbc.sql.jdbcapi.ConnectionSpy@7c7c45aa] will not be managed by Spring
2022-02-25 12:12:41 [DEBUG] c.x.c.dao.ArticleDao.getBoardById - ==>  Preparing: SELECT * FROM board AS B WHERE B.id = ? AND B.delStatus = 0
2022-02-25 12:12:41 [DEBUG] c.x.c.dao.ArticleDao.getBoardById - ==> Parameters: 1(Integer)
2022-02-25 12:12:41 [DEBUG] jdbc.sqltiming -  com.zaxxer.hikari.pool.ProxyPreparedStatement.execute(ProxyPreparedStatement.java:44)
1035. SELECT *
				FROM board AS B
				WHERE B.id = 1
				AND B.delStatus = 0
 {executed in 1 msec}
2022-02-25 12:12:41 [INFO ] jdbc.resultsettable - 
|---|--------------------|--------------------|-------|-------|------------|----------|----------|--------|---------|-------------|----------|-------------|
|id |regdate             |updatedate          |name   |code   |blindstatus |blinddate |delstatus |deldate |hitcount |repliescount |likecount |dislikecount |
|---|--------------------|--------------------|-------|-------|------------|----------|----------|--------|---------|-------------|----------|-------------|
|1  |2022-02-18 19:05:10 |2022-02-18 19:05:10 |NOTICE |notice |false       |null      |false     |null    |0        |0            |0         |0            |
|---|--------------------|--------------------|-------|-------|------------|----------|----------|--------|---------|-------------|----------|-------------|

2022-02-25 12:12:41 [DEBUG] c.x.c.dao.ArticleDao.getBoardById - <==      Total: 1
2022-02-25 12:12:41 [DEBUG] org.mybatis.spring.SqlSessionUtils - Closing non transactional SqlSession [org.apache.ibatis.session.defaults.DefaultSqlSession@3d8b2f7]
2022-02-25 12:12:41 [DEBUG] org.mybatis.spring.SqlSessionUtils - Creating a new SqlSession
2022-02-25 12:12:41 [DEBUG] org.mybatis.spring.SqlSessionUtils - SqlSession [org.apache.ibatis.session.defaults.DefaultSqlSession@4fb7b213] was not registered for synchronization because synchronization is not active
2022-02-25 12:12:41 [DEBUG] o.s.jdbc.datasource.DataSourceUtils - Fetching JDBC Connection from DataSource
2022-02-25 12:12:41 [DEBUG] o.m.s.t.SpringManagedTransaction - JDBC Connection [HikariProxyConnection@84752428 wrapping net.sf.log4jdbc.sql.jdbcapi.ConnectionSpy@7c7c45aa] will not be managed by Spring
2022-02-25 12:12:41 [DEBUG] c.x.c.d.A.getArticlesTotalCount - ==>  Preparing: SELECT COUNT(*) AS cnt FROM article AS A WHERE A.boardId = ? AND A.delStatus = 0
2022-02-25 12:12:41 [DEBUG] c.x.c.d.A.getArticlesTotalCount - ==> Parameters: 1(Integer)
2022-02-25 12:12:41 [DEBUG] jdbc.sqltiming -  com.zaxxer.hikari.pool.ProxyPreparedStatement.execute(ProxyPreparedStatement.java:44)
1035. SELECT COUNT(*) AS cnt
				FROM article AS A
				WHERE A.boardId = 1

				AND A.delStatus = 0
 {executed in 0 msec}
2022-02-25 12:12:41 [INFO ] jdbc.resultsettable - 
|----|
|cnt |
|----|
|30  |
|----|

2022-02-25 12:12:41 [DEBUG] c.x.c.d.A.getArticlesTotalCount - <==      Total: 1
2022-02-25 12:12:41 [DEBUG] org.mybatis.spring.SqlSessionUtils - Closing non transactional SqlSession [org.apache.ibatis.session.defaults.DefaultSqlSession@4fb7b213]
2022-02-25 12:12:41 [DEBUG] org.mybatis.spring.SqlSessionUtils - Creating a new SqlSession
2022-02-25 12:12:41 [DEBUG] org.mybatis.spring.SqlSessionUtils - SqlSession [org.apache.ibatis.session.defaults.DefaultSqlSession@49dfc83d] was not registered for synchronization because synchronization is not active
2022-02-25 12:12:41 [DEBUG] o.s.jdbc.datasource.DataSourceUtils - Fetching JDBC Connection from DataSource
2022-02-25 12:12:41 [DEBUG] o.m.s.t.SpringManagedTransaction - JDBC Connection [HikariProxyConnection@1121631589 wrapping net.sf.log4jdbc.sql.jdbcapi.ConnectionSpy@7c7c45aa] will not be managed by Spring
2022-02-25 12:12:41 [DEBUG] c.x.c.d.A.getForPrintArticles - ==>  Preparing: SELECT * FROM article AS A WHERE A.boardId = ? ORDER BY A.id DESC LIMIT ?, ?;
2022-02-25 12:12:41 [DEBUG] c.x.c.d.A.getForPrintArticles - ==> Parameters: 1(Integer), 20(Integer), 20(Integer)
2022-02-25 12:12:41 [DEBUG] jdbc.sqltiming -  com.zaxxer.hikari.pool.ProxyPreparedStatement.execute(ProxyPreparedStatement.java:44)
1035. SELECT *
				FROM article AS A
				WHERE A.boardId = 1

				ORDER BY A.id DESC
				LIMIT 20, 20;
 {executed in 1 msec}
2022-02-25 12:12:41 [INFO ] jdbc.resultsettable - 
|---|--------------------|--------------------|--------|---------|------|-----|------------|----------|----------|--------|---------|-------------|----------|-------------|
|id |regdate             |updatedate          |boardid |memberid |title |body |blindstatus |blinddate |delstatus |deldate |hitcount |repliescount |likecount |dislikecount |
|---|--------------------|--------------------|--------|---------|------|-----|------------|----------|----------|--------|---------|-------------|----------|-------------|
|12 |2022-02-25 12:12:27 |2022-02-25 12:12:27 |1       |2        |가나목5  |본문3  |false       |null      |false     |null    |0        |0            |0         |0            |
|11 |2022-02-25 12:12:27 |2022-02-25 12:12:27 |1       |2        |제목4   |본문4  |false       |null      |false     |null    |0        |0            |0         |0            |
|10 |2022-02-25 12:12:27 |2022-02-25 12:12:27 |1       |1        |제목3   |본문3  |false       |null      |false     |null    |0        |0            |0         |0            |
|9  |2022-02-25 12:12:27 |2022-02-25 12:12:27 |1       |1        |제목2   |본문2  |false       |null      |false     |null    |0        |0            |0         |0            |
|8  |2022-02-25 12:12:27 |2022-02-25 12:12:27 |1       |1        |제목1   |본문1  |false       |null      |false     |null    |0        |0            |0         |0            |
|5  |2022-02-18 19:05:10 |2022-02-18 19:05:10 |1       |2        |가나목5  |본문3  |false       |null      |false     |null    |0        |0            |0         |0            |
|4  |2022-02-18 19:05:10 |2022-02-18 19:05:10 |1       |2        |제목4   |본문4  |false       |null      |false     |null    |0        |0            |0         |0            |
|3  |2022-02-18 19:05:10 |2022-02-18 19:05:10 |1       |1        |제목3   |본문3  |false       |null      |false     |null    |0        |0            |0         |0            |
|2  |2022-02-18 19:05:10 |2022-02-18 19:05:10 |1       |1        |제목2   |본문2  |false       |null      |false     |null    |0        |0            |0         |0            |
|1  |2022-02-18 19:05:10 |2022-02-18 19:05:10 |1       |1        |제목1   |본문1  |false       |null      |false     |null    |0        |0            |0         |0            |
|---|--------------------|--------------------|--------|---------|------|-----|------------|----------|----------|--------|---------|-------------|----------|-------------|

2022-02-25 12:12:41 [DEBUG] c.x.c.d.A.getForPrintArticles - <==      Total: 10
2022-02-25 12:12:41 [DEBUG] org.mybatis.spring.SqlSessionUtils - Closing non transactional SqlSession [org.apache.ibatis.session.defaults.DefaultSqlSession@49dfc83d]
2022-02-25 12:12:46 [DEBUG] org.mybatis.spring.SqlSessionUtils - Creating a new SqlSession
2022-02-25 12:12:46 [DEBUG] org.mybatis.spring.SqlSessionUtils - SqlSession [org.apache.ibatis.session.defaults.DefaultSqlSession@aba819f] was not registered for synchronization because synchronization is not active
2022-02-25 12:12:46 [DEBUG] o.s.jdbc.datasource.DataSourceUtils - Fetching JDBC Connection from DataSource
2022-02-25 12:12:46 [DEBUG] o.m.s.t.SpringManagedTransaction - JDBC Connection [HikariProxyConnection@1916341546 wrapping net.sf.log4jdbc.sql.jdbcapi.ConnectionSpy@7c7c45aa] will not be managed by Spring
2022-02-25 12:12:46 [DEBUG] c.x.c.dao.ArticleDao.getBoardById - ==>  Preparing: SELECT * FROM board AS B WHERE B.id = ? AND B.delStatus = 0
2022-02-25 12:12:46 [DEBUG] c.x.c.dao.ArticleDao.getBoardById - ==> Parameters: 1(Integer)
2022-02-25 12:12:46 [DEBUG] jdbc.sqltiming -  com.zaxxer.hikari.pool.ProxyPreparedStatement.execute(ProxyPreparedStatement.java:44)
1035. SELECT *
				FROM board AS B
				WHERE B.id = 1
				AND B.delStatus = 0
 {executed in 1 msec}
2022-02-25 12:12:46 [INFO ] jdbc.resultsettable - 
|---|--------------------|--------------------|-------|-------|------------|----------|----------|--------|---------|-------------|----------|-------------|
|id |regdate             |updatedate          |name   |code   |blindstatus |blinddate |delstatus |deldate |hitcount |repliescount |likecount |dislikecount |
|---|--------------------|--------------------|-------|-------|------------|----------|----------|--------|---------|-------------|----------|-------------|
|1  |2022-02-18 19:05:10 |2022-02-18 19:05:10 |NOTICE |notice |false       |null      |false     |null    |0        |0            |0         |0            |
|---|--------------------|--------------------|-------|-------|------------|----------|----------|--------|---------|-------------|----------|-------------|

2022-02-25 12:12:46 [DEBUG] c.x.c.dao.ArticleDao.getBoardById - <==      Total: 1
2022-02-25 12:12:46 [DEBUG] org.mybatis.spring.SqlSessionUtils - Closing non transactional SqlSession [org.apache.ibatis.session.defaults.DefaultSqlSession@aba819f]
2022-02-25 12:12:46 [DEBUG] org.mybatis.spring.SqlSessionUtils - Creating a new SqlSession
2022-02-25 12:12:46 [DEBUG] org.mybatis.spring.SqlSessionUtils - SqlSession [org.apache.ibatis.session.defaults.DefaultSqlSession@7b6fcd7d] was not registered for synchronization because synchronization is not active
2022-02-25 12:12:46 [DEBUG] o.s.jdbc.datasource.DataSourceUtils - Fetching JDBC Connection from DataSource
2022-02-25 12:12:46 [DEBUG] o.m.s.t.SpringManagedTransaction - JDBC Connection [HikariProxyConnection@1303102095 wrapping net.sf.log4jdbc.sql.jdbcapi.ConnectionSpy@7c7c45aa] will not be managed by Spring
2022-02-25 12:12:46 [DEBUG] c.x.c.d.A.getArticlesTotalCount - ==>  Preparing: SELECT COUNT(*) AS cnt FROM article AS A WHERE A.boardId = ? AND A.delStatus = 0
2022-02-25 12:12:46 [DEBUG] c.x.c.d.A.getArticlesTotalCount - ==> Parameters: 1(Integer)
2022-02-25 12:12:46 [DEBUG] jdbc.sqltiming -  com.zaxxer.hikari.pool.ProxyPreparedStatement.execute(ProxyPreparedStatement.java:44)
1035. SELECT COUNT(*) AS cnt
				FROM article AS A
				WHERE A.boardId = 1

				AND A.delStatus = 0
 {executed in 1 msec}
2022-02-25 12:12:46 [INFO ] jdbc.resultsettable - 
|----|
|cnt |
|----|
|30  |
|----|

2022-02-25 12:12:46 [DEBUG] c.x.c.d.A.getArticlesTotalCount - <==      Total: 1
2022-02-25 12:12:46 [DEBUG] org.mybatis.spring.SqlSessionUtils - Closing non transactional SqlSession [org.apache.ibatis.session.defaults.DefaultSqlSession@7b6fcd7d]
2022-02-25 12:12:46 [DEBUG] org.mybatis.spring.SqlSessionUtils - Creating a new SqlSession
2022-02-25 12:12:46 [DEBUG] org.mybatis.spring.SqlSessionUtils - SqlSession [org.apache.ibatis.session.defaults.DefaultSqlSession@89b6f4d] was not registered for synchronization because synchronization is not active
2022-02-25 12:12:46 [DEBUG] o.s.jdbc.datasource.DataSourceUtils - Fetching JDBC Connection from DataSource
2022-02-25 12:12:46 [DEBUG] o.m.s.t.SpringManagedTransaction - JDBC Connection [HikariProxyConnection@935290445 wrapping net.sf.log4jdbc.sql.jdbcapi.ConnectionSpy@7c7c45aa] will not be managed by Spring
2022-02-25 12:12:46 [DEBUG] c.x.c.d.A.getForPrintArticles - ==>  Preparing: SELECT * FROM article AS A WHERE A.boardId = ? ORDER BY A.id DESC LIMIT ?, ?;
2022-02-25 12:12:46 [DEBUG] c.x.c.d.A.getForPrintArticles - ==> Parameters: 1(Integer), 0(Integer), 20(Integer)
2022-02-25 12:12:46 [DEBUG] jdbc.sqltiming -  com.zaxxer.hikari.pool.ProxyPreparedStatement.execute(ProxyPreparedStatement.java:44)
1035. SELECT *
				FROM article AS A
				WHERE A.boardId = 1

				ORDER BY A.id DESC
				LIMIT 0, 20;
 {executed in 1 msec}
2022-02-25 12:12:46 [INFO ] jdbc.resultsettable - 
|---|--------------------|--------------------|--------|---------|------|-----|------------|----------|----------|--------|---------|-------------|----------|-------------|
|id |regdate             |updatedate          |boardid |memberid |title |body |blindstatus |blinddate |delstatus |deldate |hitcount |repliescount |likecount |dislikecount |
|---|--------------------|--------------------|--------|---------|------|-----|------------|----------|----------|--------|---------|-------------|----------|-------------|
|32 |2022-02-25 12:12:31 |2022-02-25 12:12:31 |1       |2        |가나목5  |본문3  |false       |null      |false     |null    |0        |0            |0         |0            |
|31 |2022-02-25 12:12:31 |2022-02-25 12:12:31 |1       |2        |제목4   |본문4  |false       |null      |false     |null    |0        |0            |0         |0            |
|30 |2022-02-25 12:12:31 |2022-02-25 12:12:31 |1       |1        |제목3   |본문3  |false       |null      |false     |null    |0        |0            |0         |0            |
|29 |2022-02-25 12:12:31 |2022-02-25 12:12:31 |1       |1        |제목2   |본문2  |false       |null      |false     |null    |0        |0            |0         |0            |
|28 |2022-02-25 12:12:31 |2022-02-25 12:12:31 |1       |1        |제목1   |본문1  |false       |null      |false     |null    |0        |0            |0         |0            |
|27 |2022-02-25 12:12:30 |2022-02-25 12:12:30 |1       |2        |가나목5  |본문3  |false       |null      |false     |null    |0        |0            |0         |0            |
|26 |2022-02-25 12:12:30 |2022-02-25 12:12:30 |1       |2        |제목4   |본문4  |false       |null      |false     |null    |0        |0            |0         |0            |
|25 |2022-02-25 12:12:30 |2022-02-25 12:12:30 |1       |1        |제목3   |본문3  |false       |null      |false     |null    |0        |0            |0         |0            |
|24 |2022-02-25 12:12:30 |2022-02-25 12:12:30 |1       |1        |제목2   |본문2  |false       |null      |false     |null    |0        |0            |0         |0            |
|23 |2022-02-25 12:12:30 |2022-02-25 12:12:30 |1       |1        |제목1   |본문1  |false       |null      |false     |null    |0        |0            |0         |0            |
|22 |2022-02-25 12:12:30 |2022-02-25 12:12:30 |1       |2        |가나목5  |본문3  |false       |null      |false     |null    |0        |0            |0         |0            |
|21 |2022-02-25 12:12:30 |2022-02-25 12:12:30 |1       |2        |제목4   |본문4  |false       |null      |false     |null    |0        |0            |0         |0            |
|20 |2022-02-25 12:12:30 |2022-02-25 12:12:30 |1       |1        |제목3   |본문3  |false       |null      |false     |null    |0        |0            |0         |0            |
|19 |2022-02-25 12:12:30 |2022-02-25 12:12:30 |1       |1        |제목2   |본문2  |false       |null      |false     |null    |0        |0            |0         |0            |
|18 |2022-02-25 12:12:30 |2022-02-25 12:12:30 |1       |1        |제목1   |본문1  |false       |null      |false     |null    |0        |0            |0         |0            |
|17 |2022-02-25 12:12:29 |2022-02-25 12:12:29 |1       |2        |가나목5  |본문3  |false       |null      |false     |null    |0        |0            |0         |0            |
|16 |2022-02-25 12:12:29 |2022-02-25 12:12:29 |1       |2        |제목4   |본문4  |false       |null      |false     |null    |0        |0            |0         |0            |
|15 |2022-02-25 12:12:29 |2022-02-25 12:12:29 |1       |1        |제목3   |본문3  |false       |null      |false     |null    |0        |0            |0         |0            |
|14 |2022-02-25 12:12:29 |2022-02-25 12:12:29 |1       |1        |제목2   |본문2  |false       |null      |false     |null    |0        |0            |0         |0            |
|13 |2022-02-25 12:12:29 |2022-02-25 12:12:29 |1       |1        |제목1   |본문1  |false       |null      |false     |null    |0        |0            |0         |0            |
|---|--------------------|--------------------|--------|---------|------|-----|------------|----------|----------|--------|---------|-------------|----------|-------------|

2022-02-25 12:12:46 [DEBUG] c.x.c.d.A.getForPrintArticles - <==      Total: 20
2022-02-25 12:12:46 [DEBUG] org.mybatis.spring.SqlSessionUtils - Closing non transactional SqlSession [org.apache.ibatis.session.defaults.DefaultSqlSession@89b6f4d]
2022-02-25 12:13:01 [DEBUG] org.mybatis.spring.SqlSessionUtils - Creating a new SqlSession
2022-02-25 12:13:01 [DEBUG] org.mybatis.spring.SqlSessionUtils - SqlSession [org.apache.ibatis.session.defaults.DefaultSqlSession@2c686fab] was not registered for synchronization because synchronization is not active
2022-02-25 12:13:01 [DEBUG] o.s.jdbc.datasource.DataSourceUtils - Fetching JDBC Connection from DataSource
2022-02-25 12:13:01 [DEBUG] o.m.s.t.SpringManagedTransaction - JDBC Connection [HikariProxyConnection@2061092674 wrapping net.sf.log4jdbc.sql.jdbcapi.ConnectionSpy@7c7c45aa] will not be managed by Spring
2022-02-25 12:13:01 [DEBUG] c.x.c.dao.ArticleDao.getBoardById - ==>  Preparing: SELECT * FROM board AS B WHERE B.id = ? AND B.delStatus = 0
2022-02-25 12:13:01 [DEBUG] c.x.c.dao.ArticleDao.getBoardById - ==> Parameters: 1(Integer)
2022-02-25 12:13:01 [DEBUG] jdbc.sqltiming -  com.zaxxer.hikari.pool.ProxyPreparedStatement.execute(ProxyPreparedStatement.java:44)
1035. SELECT *
				FROM board AS B
				WHERE B.id = 1
				AND B.delStatus = 0
 {executed in 1 msec}
2022-02-25 12:13:01 [INFO ] jdbc.resultsettable - 
|---|--------------------|--------------------|-------|-------|------------|----------|----------|--------|---------|-------------|----------|-------------|
|id |regdate             |updatedate          |name   |code   |blindstatus |blinddate |delstatus |deldate |hitcount |repliescount |likecount |dislikecount |
|---|--------------------|--------------------|-------|-------|------------|----------|----------|--------|---------|-------------|----------|-------------|
|1  |2022-02-18 19:05:10 |2022-02-18 19:05:10 |NOTICE |notice |false       |null      |false     |null    |0        |0            |0         |0            |
|---|--------------------|--------------------|-------|-------|------------|----------|----------|--------|---------|-------------|----------|-------------|

2022-02-25 12:13:01 [DEBUG] c.x.c.dao.ArticleDao.getBoardById - <==      Total: 1
2022-02-25 12:13:01 [DEBUG] org.mybatis.spring.SqlSessionUtils - Closing non transactional SqlSession [org.apache.ibatis.session.defaults.DefaultSqlSession@2c686fab]
2022-02-25 12:13:01 [DEBUG] org.mybatis.spring.SqlSessionUtils - Creating a new SqlSession
2022-02-25 12:13:01 [DEBUG] org.mybatis.spring.SqlSessionUtils - SqlSession [org.apache.ibatis.session.defaults.DefaultSqlSession@33b7f5b0] was not registered for synchronization because synchronization is not active
2022-02-25 12:13:01 [DEBUG] o.s.jdbc.datasource.DataSourceUtils - Fetching JDBC Connection from DataSource
2022-02-25 12:13:01 [DEBUG] o.m.s.t.SpringManagedTransaction - JDBC Connection [HikariProxyConnection@1550681142 wrapping net.sf.log4jdbc.sql.jdbcapi.ConnectionSpy@7c7c45aa] will not be managed by Spring
2022-02-25 12:13:01 [DEBUG] c.x.c.d.A.getArticlesTotalCount - ==>  Preparing: SELECT COUNT(*) AS cnt FROM article AS A WHERE A.boardId = ? AND A.delStatus = 0
2022-02-25 12:13:01 [DEBUG] c.x.c.d.A.getArticlesTotalCount - ==> Parameters: 1(Integer)
2022-02-25 12:13:01 [DEBUG] jdbc.sqltiming -  com.zaxxer.hikari.pool.ProxyPreparedStatement.execute(ProxyPreparedStatement.java:44)
1035. SELECT COUNT(*) AS cnt
				FROM article AS A
				WHERE A.boardId = 1

				AND A.delStatus = 0
 {executed in 1 msec}
2022-02-25 12:13:01 [INFO ] jdbc.resultsettable - 
|----|
|cnt |
|----|
|30  |
|----|

2022-02-25 12:13:01 [DEBUG] c.x.c.d.A.getArticlesTotalCount - <==      Total: 1
2022-02-25 12:13:01 [DEBUG] org.mybatis.spring.SqlSessionUtils - Closing non transactional SqlSession [org.apache.ibatis.session.defaults.DefaultSqlSession@33b7f5b0]
2022-02-25 12:13:01 [DEBUG] org.mybatis.spring.SqlSessionUtils - Creating a new SqlSession
2022-02-25 12:13:01 [DEBUG] org.mybatis.spring.SqlSessionUtils - SqlSession [org.apache.ibatis.session.defaults.DefaultSqlSession@f8f28df] was not registered for synchronization because synchronization is not active
2022-02-25 12:13:01 [DEBUG] o.s.jdbc.datasource.DataSourceUtils - Fetching JDBC Connection from DataSource
2022-02-25 12:13:01 [DEBUG] o.m.s.t.SpringManagedTransaction - JDBC Connection [HikariProxyConnection@744555944 wrapping net.sf.log4jdbc.sql.jdbcapi.ConnectionSpy@7c7c45aa] will not be managed by Spring
2022-02-25 12:13:01 [DEBUG] c.x.c.d.A.getForPrintArticles - ==>  Preparing: SELECT * FROM article AS A WHERE A.boardId = ? ORDER BY A.id DESC LIMIT ?, ?;
2022-02-25 12:13:01 [DEBUG] c.x.c.d.A.getForPrintArticles - ==> Parameters: 1(Integer), 0(Integer), 20(Integer)
2022-02-25 12:13:01 [DEBUG] jdbc.sqltiming -  com.zaxxer.hikari.pool.ProxyPreparedStatement.execute(ProxyPreparedStatement.java:44)
1035. SELECT *
				FROM article AS A
				WHERE A.boardId = 1

				ORDER BY A.id DESC
				LIMIT 0, 20;
 {executed in 1 msec}
2022-02-25 12:13:01 [INFO ] jdbc.resultsettable - 
|---|--------------------|--------------------|--------|---------|------|-----|------------|----------|----------|--------|---------|-------------|----------|-------------|
|id |regdate             |updatedate          |boardid |memberid |title |body |blindstatus |blinddate |delstatus |deldate |hitcount |repliescount |likecount |dislikecount |
|---|--------------------|--------------------|--------|---------|------|-----|------------|----------|----------|--------|---------|-------------|----------|-------------|
|32 |2022-02-25 12:12:31 |2022-02-25 12:12:31 |1       |2        |가나목5  |본문3  |false       |null      |false     |null    |0        |0            |0         |0            |
|31 |2022-02-25 12:12:31 |2022-02-25 12:12:31 |1       |2        |제목4   |본문4  |false       |null      |false     |null    |0        |0            |0         |0            |
|30 |2022-02-25 12:12:31 |2022-02-25 12:12:31 |1       |1        |제목3   |본문3  |false       |null      |false     |null    |0        |0            |0         |0            |
|29 |2022-02-25 12:12:31 |2022-02-25 12:12:31 |1       |1        |제목2   |본문2  |false       |null      |false     |null    |0        |0            |0         |0            |
|28 |2022-02-25 12:12:31 |2022-02-25 12:12:31 |1       |1        |제목1   |본문1  |false       |null      |false     |null    |0        |0            |0         |0            |
|27 |2022-02-25 12:12:30 |2022-02-25 12:12:30 |1       |2        |가나목5  |본문3  |false       |null      |false     |null    |0        |0            |0         |0            |
|26 |2022-02-25 12:12:30 |2022-02-25 12:12:30 |1       |2        |제목4   |본문4  |false       |null      |false     |null    |0        |0            |0         |0            |
|25 |2022-02-25 12:12:30 |2022-02-25 12:12:30 |1       |1        |제목3   |본문3  |false       |null      |false     |null    |0        |0            |0         |0            |
|24 |2022-02-25 12:12:30 |2022-02-25 12:12:30 |1       |1        |제목2   |본문2  |false       |null      |false     |null    |0        |0            |0         |0            |
|23 |2022-02-25 12:12:30 |2022-02-25 12:12:30 |1       |1        |제목1   |본문1  |false       |null      |false     |null    |0        |0            |0         |0            |
|22 |2022-02-25 12:12:30 |2022-02-25 12:12:30 |1       |2        |가나목5  |본문3  |false       |null      |false     |null    |0        |0            |0         |0            |
|21 |2022-02-25 12:12:30 |2022-02-25 12:12:30 |1       |2        |제목4   |본문4  |false       |null      |false     |null    |0        |0            |0         |0            |
|20 |2022-02-25 12:12:30 |2022-02-25 12:12:30 |1       |1        |제목3   |본문3  |false       |null      |false     |null    |0        |0            |0         |0            |
|19 |2022-02-25 12:12:30 |2022-02-25 12:12:30 |1       |1        |제목2   |본문2  |false       |null      |false     |null    |0        |0            |0         |0            |
|18 |2022-02-25 12:12:30 |2022-02-25 12:12:30 |1       |1        |제목1   |본문1  |false       |null      |false     |null    |0        |0            |0         |0            |
|17 |2022-02-25 12:12:29 |2022-02-25 12:12:29 |1       |2        |가나목5  |본문3  |false       |null      |false     |null    |0        |0            |0         |0            |
|16 |2022-02-25 12:12:29 |2022-02-25 12:12:29 |1       |2        |제목4   |본문4  |false       |null      |false     |null    |0        |0            |0         |0            |
|15 |2022-02-25 12:12:29 |2022-02-25 12:12:29 |1       |1        |제목3   |본문3  |false       |null      |false     |null    |0        |0            |0         |0            |
|14 |2022-02-25 12:12:29 |2022-02-25 12:12:29 |1       |1        |제목2   |본문2  |false       |null      |false     |null    |0        |0            |0         |0            |
|13 |2022-02-25 12:12:29 |2022-02-25 12:12:29 |1       |1        |제목1   |본문1  |false       |null      |false     |null    |0        |0            |0         |0            |
|---|--------------------|--------------------|--------|---------|------|-----|------------|----------|----------|--------|---------|-------------|----------|-------------|

2022-02-25 12:13:01 [DEBUG] c.x.c.d.A.getForPrintArticles - <==      Total: 20
2022-02-25 12:13:01 [DEBUG] org.mybatis.spring.SqlSessionUtils - Closing non transactional SqlSession [org.apache.ibatis.session.defaults.DefaultSqlSession@f8f28df]
2022-02-25 12:13:09 [DEBUG] com.zaxxer.hikari.pool.HikariPool - HikariPool-5 - Pool stats (total=10, active=0, idle=10, waiting=0)
2022-02-25 12:13:09 [DEBUG] com.zaxxer.hikari.pool.HikariPool - HikariPool-5 - Fill pool skipped, pool is at sufficient level.
2022-02-25 12:13:19 [DEBUG] org.mybatis.spring.SqlSessionUtils - Creating a new SqlSession
2022-02-25 12:13:19 [DEBUG] org.mybatis.spring.SqlSessionUtils - SqlSession [org.apache.ibatis.session.defaults.DefaultSqlSession@478f178] was not registered for synchronization because synchronization is not active
2022-02-25 12:13:19 [DEBUG] o.s.jdbc.datasource.DataSourceUtils - Fetching JDBC Connection from DataSource
2022-02-25 12:13:19 [DEBUG] o.m.s.t.SpringManagedTransaction - JDBC Connection [HikariProxyConnection@317140701 wrapping net.sf.log4jdbc.sql.jdbcapi.ConnectionSpy@7c7c45aa] will not be managed by Spring
2022-02-25 12:13:19 [DEBUG] c.x.c.dao.ArticleDao.getBoardById - ==>  Preparing: SELECT * FROM board AS B WHERE B.id = ? AND B.delStatus = 0
2022-02-25 12:13:19 [DEBUG] c.x.c.dao.ArticleDao.getBoardById - ==> Parameters: 1(Integer)
2022-02-25 12:13:19 [DEBUG] jdbc.sqltiming -  com.zaxxer.hikari.pool.ProxyPreparedStatement.execute(ProxyPreparedStatement.java:44)
1035. SELECT *
				FROM board AS B
				WHERE B.id = 1
				AND B.delStatus = 0
 {executed in 3 msec}
2022-02-25 12:13:19 [INFO ] jdbc.resultsettable - 
|---|--------------------|--------------------|-------|-------|------------|----------|----------|--------|---------|-------------|----------|-------------|
|id |regdate             |updatedate          |name   |code   |blindstatus |blinddate |delstatus |deldate |hitcount |repliescount |likecount |dislikecount |
|---|--------------------|--------------------|-------|-------|------------|----------|----------|--------|---------|-------------|----------|-------------|
|1  |2022-02-18 19:05:10 |2022-02-18 19:05:10 |NOTICE |notice |false       |null      |false     |null    |0        |0            |0         |0            |
|---|--------------------|--------------------|-------|-------|------------|----------|----------|--------|---------|-------------|----------|-------------|

2022-02-25 12:13:19 [DEBUG] c.x.c.dao.ArticleDao.getBoardById - <==      Total: 1
2022-02-25 12:13:19 [DEBUG] org.mybatis.spring.SqlSessionUtils - Closing non transactional SqlSession [org.apache.ibatis.session.defaults.DefaultSqlSession@478f178]
2022-02-25 12:13:19 [DEBUG] org.mybatis.spring.SqlSessionUtils - Creating a new SqlSession
2022-02-25 12:13:19 [DEBUG] org.mybatis.spring.SqlSessionUtils - SqlSession [org.apache.ibatis.session.defaults.DefaultSqlSession@6c476097] was not registered for synchronization because synchronization is not active
2022-02-25 12:13:19 [DEBUG] o.s.jdbc.datasource.DataSourceUtils - Fetching JDBC Connection from DataSource
2022-02-25 12:13:19 [DEBUG] o.m.s.t.SpringManagedTransaction - JDBC Connection [HikariProxyConnection@1168990476 wrapping net.sf.log4jdbc.sql.jdbcapi.ConnectionSpy@7c7c45aa] will not be managed by Spring
2022-02-25 12:13:19 [DEBUG] c.x.c.d.A.getArticlesTotalCount - ==>  Preparing: SELECT COUNT(*) AS cnt FROM article AS A WHERE A.boardId = ? AND A.delStatus = 0
2022-02-25 12:13:19 [DEBUG] c.x.c.d.A.getArticlesTotalCount - ==> Parameters: 1(Integer)
2022-02-25 12:13:19 [DEBUG] jdbc.sqltiming -  com.zaxxer.hikari.pool.ProxyPreparedStatement.execute(ProxyPreparedStatement.java:44)
1035. SELECT COUNT(*) AS cnt
				FROM article AS A
				WHERE A.boardId = 1

				AND A.delStatus = 0
 {executed in 1 msec}
2022-02-25 12:13:19 [INFO ] jdbc.resultsettable - 
|----|
|cnt |
|----|
|30  |
|----|

2022-02-25 12:13:19 [DEBUG] c.x.c.d.A.getArticlesTotalCount - <==      Total: 1
2022-02-25 12:13:19 [DEBUG] org.mybatis.spring.SqlSessionUtils - Closing non transactional SqlSession [org.apache.ibatis.session.defaults.DefaultSqlSession@6c476097]
2022-02-25 12:13:19 [DEBUG] org.mybatis.spring.SqlSessionUtils - Creating a new SqlSession
2022-02-25 12:13:19 [DEBUG] org.mybatis.spring.SqlSessionUtils - SqlSession [org.apache.ibatis.session.defaults.DefaultSqlSession@2e8cb227] was not registered for synchronization because synchronization is not active
2022-02-25 12:13:19 [DEBUG] o.s.jdbc.datasource.DataSourceUtils - Fetching JDBC Connection from DataSource
2022-02-25 12:13:19 [DEBUG] o.m.s.t.SpringManagedTransaction - JDBC Connection [HikariProxyConnection@1959596026 wrapping net.sf.log4jdbc.sql.jdbcapi.ConnectionSpy@7c7c45aa] will not be managed by Spring
2022-02-25 12:13:19 [DEBUG] c.x.c.d.A.getForPrintArticles - ==>  Preparing: SELECT * FROM article AS A WHERE A.boardId = ? ORDER BY A.id DESC LIMIT ?, ?;
2022-02-25 12:13:19 [DEBUG] c.x.c.d.A.getForPrintArticles - ==> Parameters: 1(Integer), 0(Integer), 20(Integer)
2022-02-25 12:13:19 [DEBUG] jdbc.sqltiming -  com.zaxxer.hikari.pool.ProxyPreparedStatement.execute(ProxyPreparedStatement.java:44)
1035. SELECT *
				FROM article AS A
				WHERE A.boardId = 1

				ORDER BY A.id DESC
				LIMIT 0, 20;
 {executed in 1 msec}
2022-02-25 12:13:19 [INFO ] jdbc.resultsettable - 
|---|--------------------|--------------------|--------|---------|------|-----|------------|----------|----------|--------|---------|-------------|----------|-------------|
|id |regdate             |updatedate          |boardid |memberid |title |body |blindstatus |blinddate |delstatus |deldate |hitcount |repliescount |likecount |dislikecount |
|---|--------------------|--------------------|--------|---------|------|-----|------------|----------|----------|--------|---------|-------------|----------|-------------|
|32 |2022-02-25 12:12:31 |2022-02-25 12:12:31 |1       |2        |가나목5  |본문3  |false       |null      |false     |null    |0        |0            |0         |0            |
|31 |2022-02-25 12:12:31 |2022-02-25 12:12:31 |1       |2        |제목4   |본문4  |false       |null      |false     |null    |0        |0            |0         |0            |
|30 |2022-02-25 12:12:31 |2022-02-25 12:12:31 |1       |1        |제목3   |본문3  |false       |null      |false     |null    |0        |0            |0         |0            |
|29 |2022-02-25 12:12:31 |2022-02-25 12:12:31 |1       |1        |제목2   |본문2  |false       |null      |false     |null    |0        |0            |0         |0            |
|28 |2022-02-25 12:12:31 |2022-02-25 12:12:31 |1       |1        |제목1   |본문1  |false       |null      |false     |null    |0        |0            |0         |0            |
|27 |2022-02-25 12:12:30 |2022-02-25 12:12:30 |1       |2        |가나목5  |본문3  |false       |null      |false     |null    |0        |0            |0         |0            |
|26 |2022-02-25 12:12:30 |2022-02-25 12:12:30 |1       |2        |제목4   |본문4  |false       |null      |false     |null    |0        |0            |0         |0            |
|25 |2022-02-25 12:12:30 |2022-02-25 12:12:30 |1       |1        |제목3   |본문3  |false       |null      |false     |null    |0        |0            |0         |0            |
|24 |2022-02-25 12:12:30 |2022-02-25 12:12:30 |1       |1        |제목2   |본문2  |false       |null      |false     |null    |0        |0            |0         |0            |
|23 |2022-02-25 12:12:30 |2022-02-25 12:12:30 |1       |1        |제목1   |본문1  |false       |null      |false     |null    |0        |0            |0         |0            |
|22 |2022-02-25 12:12:30 |2022-02-25 12:12:30 |1       |2        |가나목5  |본문3  |false       |null      |false     |null    |0        |0            |0         |0            |
|21 |2022-02-25 12:12:30 |2022-02-25 12:12:30 |1       |2        |제목4   |본문4  |false       |null      |false     |null    |0        |0            |0         |0            |
|20 |2022-02-25 12:12:30 |2022-02-25 12:12:30 |1       |1        |제목3   |본문3  |false       |null      |false     |null    |0        |0            |0         |0            |
|19 |2022-02-25 12:12:30 |2022-02-25 12:12:30 |1       |1        |제목2   |본문2  |false       |null      |false     |null    |0        |0            |0         |0            |
|18 |2022-02-25 12:12:30 |2022-02-25 12:12:30 |1       |1        |제목1   |본문1  |false       |null      |false     |null    |0        |0            |0         |0            |
|17 |2022-02-25 12:12:29 |2022-02-25 12:12:29 |1       |2        |가나목5  |본문3  |false       |null      |false     |null    |0        |0            |0         |0            |
|16 |2022-02-25 12:12:29 |2022-02-25 12:12:29 |1       |2        |제목4   |본문4  |false       |null      |false     |null    |0        |0            |0         |0            |
|15 |2022-02-25 12:12:29 |2022-02-25 12:12:29 |1       |1        |제목3   |본문3  |false       |null      |false     |null    |0        |0            |0         |0            |
|14 |2022-02-25 12:12:29 |2022-02-25 12:12:29 |1       |1        |제목2   |본문2  |false       |null      |false     |null    |0        |0            |0         |0            |
|13 |2022-02-25 12:12:29 |2022-02-25 12:12:29 |1       |1        |제목1   |본문1  |false       |null      |false     |null    |0        |0            |0         |0            |
|---|--------------------|--------------------|--------|---------|------|-----|------------|----------|----------|--------|---------|-------------|----------|-------------|

2022-02-25 12:13:19 [DEBUG] c.x.c.d.A.getForPrintArticles - <==      Total: 20
2022-02-25 12:13:19 [DEBUG] org.mybatis.spring.SqlSessionUtils - Closing non transactional SqlSession [org.apache.ibatis.session.defaults.DefaultSqlSession@2e8cb227]
2022-02-25 12:13:39 [DEBUG] com.zaxxer.hikari.pool.HikariPool - HikariPool-5 - Pool stats (total=10, active=0, idle=10, waiting=0)
2022-02-25 12:13:39 [DEBUG] com.zaxxer.hikari.pool.HikariPool - HikariPool-5 - Fill pool skipped, pool is at sufficient level.
2022-02-25 12:14:09 [DEBUG] com.zaxxer.hikari.pool.HikariPool - HikariPool-5 - Pool stats (total=10, active=0, idle=10, waiting=0)
2022-02-25 12:14:09 [DEBUG] com.zaxxer.hikari.pool.HikariPool - HikariPool-5 - Fill pool skipped, pool is at sufficient level.
2022-02-25 12:14:39 [DEBUG] com.zaxxer.hikari.pool.HikariPool - HikariPool-5 - Pool stats (total=10, active=0, idle=10, waiting=0)
2022-02-25 12:14:39 [DEBUG] com.zaxxer.hikari.pool.HikariPool - HikariPool-5 - Fill pool skipped, pool is at sufficient level.
2022-02-25 12:15:09 [DEBUG] com.zaxxer.hikari.pool.HikariPool - HikariPool-5 - Pool stats (total=10, active=0, idle=10, waiting=0)
2022-02-25 12:15:09 [DEBUG] com.zaxxer.hikari.pool.HikariPool - HikariPool-5 - Fill pool skipped, pool is at sufficient level.
2022-02-25 12:15:39 [DEBUG] com.zaxxer.hikari.pool.HikariPool - HikariPool-5 - Pool stats (total=10, active=0, idle=10, waiting=0)
2022-02-25 12:15:39 [DEBUG] com.zaxxer.hikari.pool.HikariPool - HikariPool-5 - Fill pool skipped, pool is at sufficient level.
2022-02-25 12:16:00 [DEBUG] org.mybatis.spring.SqlSessionUtils - Creating a new SqlSession
2022-02-25 12:16:00 [DEBUG] org.mybatis.spring.SqlSessionUtils - SqlSession [org.apache.ibatis.session.defaults.DefaultSqlSession@fa5d5a5] was not registered for synchronization because synchronization is not active
2022-02-25 12:16:00 [DEBUG] o.s.jdbc.datasource.DataSourceUtils - Fetching JDBC Connection from DataSource
2022-02-25 12:16:00 [DEBUG] o.m.s.t.SpringManagedTransaction - JDBC Connection [HikariProxyConnection@2036685465 wrapping net.sf.log4jdbc.sql.jdbcapi.ConnectionSpy@7c7c45aa] will not be managed by Spring
2022-02-25 12:16:00 [DEBUG] c.x.c.dao.ArticleDao.getBoardById - ==>  Preparing: SELECT * FROM board AS B WHERE B.id = ? AND B.delStatus = 0
2022-02-25 12:16:00 [DEBUG] c.x.c.dao.ArticleDao.getBoardById - ==> Parameters: 1(Integer)
2022-02-25 12:16:00 [DEBUG] jdbc.sqltiming -  com.zaxxer.hikari.pool.ProxyPreparedStatement.execute(ProxyPreparedStatement.java:44)
1035. SELECT *
				FROM board AS B
				WHERE B.id = 1
				AND B.delStatus = 0
 {executed in 1 msec}
2022-02-25 12:16:00 [INFO ] jdbc.resultsettable - 
|---|--------------------|--------------------|-------|-------|------------|----------|----------|--------|---------|-------------|----------|-------------|
|id |regdate             |updatedate          |name   |code   |blindstatus |blinddate |delstatus |deldate |hitcount |repliescount |likecount |dislikecount |
|---|--------------------|--------------------|-------|-------|------------|----------|----------|--------|---------|-------------|----------|-------------|
|1  |2022-02-18 19:05:10 |2022-02-18 19:05:10 |NOTICE |notice |false       |null      |false     |null    |0        |0            |0         |0            |
|---|--------------------|--------------------|-------|-------|------------|----------|----------|--------|---------|-------------|----------|-------------|

2022-02-25 12:16:00 [DEBUG] c.x.c.dao.ArticleDao.getBoardById - <==      Total: 1
2022-02-25 12:16:00 [DEBUG] org.mybatis.spring.SqlSessionUtils - Closing non transactional SqlSession [org.apache.ibatis.session.defaults.DefaultSqlSession@fa5d5a5]
2022-02-25 12:16:00 [DEBUG] org.mybatis.spring.SqlSessionUtils - Creating a new SqlSession
2022-02-25 12:16:00 [DEBUG] org.mybatis.spring.SqlSessionUtils - SqlSession [org.apache.ibatis.session.defaults.DefaultSqlSession@71a8c0db] was not registered for synchronization because synchronization is not active
2022-02-25 12:16:00 [DEBUG] o.s.jdbc.datasource.DataSourceUtils - Fetching JDBC Connection from DataSource
2022-02-25 12:16:00 [DEBUG] o.m.s.t.SpringManagedTransaction - JDBC Connection [HikariProxyConnection@2125344352 wrapping net.sf.log4jdbc.sql.jdbcapi.ConnectionSpy@7c7c45aa] will not be managed by Spring
2022-02-25 12:16:00 [DEBUG] c.x.c.d.A.getArticlesTotalCount - ==>  Preparing: SELECT COUNT(*) AS cnt FROM article AS A WHERE A.boardId = ? AND A.delStatus = 0
2022-02-25 12:16:00 [DEBUG] c.x.c.d.A.getArticlesTotalCount - ==> Parameters: 1(Integer)
2022-02-25 12:16:00 [DEBUG] jdbc.sqltiming -  com.zaxxer.hikari.pool.ProxyPreparedStatement.execute(ProxyPreparedStatement.java:44)
1035. SELECT COUNT(*) AS cnt
				FROM article AS A
				WHERE A.boardId = 1

				AND A.delStatus = 0
 {executed in 1 msec}
2022-02-25 12:16:00 [INFO ] jdbc.resultsettable - 
|----|
|cnt |
|----|
|30  |
|----|

2022-02-25 12:16:00 [DEBUG] c.x.c.d.A.getArticlesTotalCount - <==      Total: 1
2022-02-25 12:16:00 [DEBUG] org.mybatis.spring.SqlSessionUtils - Closing non transactional SqlSession [org.apache.ibatis.session.defaults.DefaultSqlSession@71a8c0db]
2022-02-25 12:16:00 [DEBUG] org.mybatis.spring.SqlSessionUtils - Creating a new SqlSession
2022-02-25 12:16:00 [DEBUG] org.mybatis.spring.SqlSessionUtils - SqlSession [org.apache.ibatis.session.defaults.DefaultSqlSession@51403d12] was not registered for synchronization because synchronization is not active
2022-02-25 12:16:00 [DEBUG] o.s.jdbc.datasource.DataSourceUtils - Fetching JDBC Connection from DataSource
2022-02-25 12:16:00 [DEBUG] o.m.s.t.SpringManagedTransaction - JDBC Connection [HikariProxyConnection@306437017 wrapping net.sf.log4jdbc.sql.jdbcapi.ConnectionSpy@7c7c45aa] will not be managed by Spring
2022-02-25 12:16:00 [DEBUG] c.x.c.d.A.getForPrintArticles - ==>  Preparing: SELECT * FROM article AS A WHERE A.boardId = ? ORDER BY A.id DESC LIMIT ?, ?;
2022-02-25 12:16:00 [DEBUG] c.x.c.d.A.getForPrintArticles - ==> Parameters: 1(Integer), 0(Integer), 20(Integer)
2022-02-25 12:16:00 [DEBUG] jdbc.sqltiming -  com.zaxxer.hikari.pool.ProxyPreparedStatement.execute(ProxyPreparedStatement.java:44)
1035. SELECT *
				FROM article AS A
				WHERE A.boardId = 1

				ORDER BY A.id DESC
				LIMIT 0, 20;
 {executed in 1 msec}
2022-02-25 12:16:00 [INFO ] jdbc.resultsettable - 
|---|--------------------|--------------------|--------|---------|------|-----|------------|----------|----------|--------|---------|-------------|----------|-------------|
|id |regdate             |updatedate          |boardid |memberid |title |body |blindstatus |blinddate |delstatus |deldate |hitcount |repliescount |likecount |dislikecount |
|---|--------------------|--------------------|--------|---------|------|-----|------------|----------|----------|--------|---------|-------------|----------|-------------|
|32 |2022-02-25 12:12:31 |2022-02-25 12:12:31 |1       |2        |가나목5  |본문3  |false       |null      |false     |null    |0        |0            |0         |0            |
|31 |2022-02-25 12:12:31 |2022-02-25 12:12:31 |1       |2        |제목4   |본문4  |false       |null      |false     |null    |0        |0            |0         |0            |
|30 |2022-02-25 12:12:31 |2022-02-25 12:12:31 |1       |1        |제목3   |본문3  |false       |null      |false     |null    |0        |0            |0         |0            |
|29 |2022-02-25 12:12:31 |2022-02-25 12:12:31 |1       |1        |제목2   |본문2  |false       |null      |false     |null    |0        |0            |0         |0            |
|28 |2022-02-25 12:12:31 |2022-02-25 12:12:31 |1       |1        |제목1   |본문1  |false       |null      |false     |null    |0        |0            |0         |0            |
|27 |2022-02-25 12:12:30 |2022-02-25 12:12:30 |1       |2        |가나목5  |본문3  |false       |null      |false     |null    |0        |0            |0         |0            |
|26 |2022-02-25 12:12:30 |2022-02-25 12:12:30 |1       |2        |제목4   |본문4  |false       |null      |false     |null    |0        |0            |0         |0            |
|25 |2022-02-25 12:12:30 |2022-02-25 12:12:30 |1       |1        |제목3   |본문3  |false       |null      |false     |null    |0        |0            |0         |0            |
|24 |2022-02-25 12:12:30 |2022-02-25 12:12:30 |1       |1        |제목2   |본문2  |false       |null      |false     |null    |0        |0            |0         |0            |
|23 |2022-02-25 12:12:30 |2022-02-25 12:12:30 |1       |1        |제목1   |본문1  |false       |null      |false     |null    |0        |0            |0         |0            |
|22 |2022-02-25 12:12:30 |2022-02-25 12:12:30 |1       |2        |가나목5  |본문3  |false       |null      |false     |null    |0        |0            |0         |0            |
|21 |2022-02-25 12:12:30 |2022-02-25 12:12:30 |1       |2        |제목4   |본문4  |false       |null      |false     |null    |0        |0            |0         |0            |
|20 |2022-02-25 12:12:30 |2022-02-25 12:12:30 |1       |1        |제목3   |본문3  |false       |null      |false     |null    |0        |0            |0         |0            |
|19 |2022-02-25 12:12:30 |2022-02-25 12:12:30 |1       |1        |제목2   |본문2  |false       |null      |false     |null    |0        |0            |0         |0            |
|18 |2022-02-25 12:12:30 |2022-02-25 12:12:30 |1       |1        |제목1   |본문1  |false       |null      |false     |null    |0        |0            |0         |0            |
|17 |2022-02-25 12:12:29 |2022-02-25 12:12:29 |1       |2        |가나목5  |본문3  |false       |null      |false     |null    |0        |0            |0         |0            |
|16 |2022-02-25 12:12:29 |2022-02-25 12:12:29 |1       |2        |제목4   |본문4  |false       |null      |false     |null    |0        |0            |0         |0            |
|15 |2022-02-25 12:12:29 |2022-02-25 12:12:29 |1       |1        |제목3   |본문3  |false       |null      |false     |null    |0        |0            |0         |0            |
|14 |2022-02-25 12:12:29 |2022-02-25 12:12:29 |1       |1        |제목2   |본문2  |false       |null      |false     |null    |0        |0            |0         |0            |
|13 |2022-02-25 12:12:29 |2022-02-25 12:12:29 |1       |1        |제목1   |본문1  |false       |null      |false     |null    |0        |0            |0         |0            |
|---|--------------------|--------------------|--------|---------|------|-----|------------|----------|----------|--------|---------|-------------|----------|-------------|

2022-02-25 12:16:00 [DEBUG] c.x.c.d.A.getForPrintArticles - <==      Total: 20
2022-02-25 12:16:00 [DEBUG] org.mybatis.spring.SqlSessionUtils - Closing non transactional SqlSession [org.apache.ibatis.session.defaults.DefaultSqlSession@51403d12]
2022-02-25 12:16:09 [DEBUG] com.zaxxer.hikari.pool.HikariPool - HikariPool-5 - Pool stats (total=10, active=0, idle=10, waiting=0)
2022-02-25 12:16:09 [DEBUG] com.zaxxer.hikari.pool.HikariPool - HikariPool-5 - Fill pool skipped, pool is at sufficient level.
2022-02-25 12:16:39 [DEBUG] com.zaxxer.hikari.pool.HikariPool - HikariPool-5 - Pool stats (total=10, active=0, idle=10, waiting=0)
2022-02-25 12:16:39 [DEBUG] com.zaxxer.hikari.pool.HikariPool - HikariPool-5 - Fill pool skipped, pool is at sufficient level.
2022-02-25 12:16:49 [DEBUG] org.mybatis.spring.SqlSessionUtils - Creating a new SqlSession
2022-02-25 12:16:49 [DEBUG] org.mybatis.spring.SqlSessionUtils - SqlSession [org.apache.ibatis.session.defaults.DefaultSqlSession@60c33575] was not registered for synchronization because synchronization is not active
2022-02-25 12:16:49 [DEBUG] o.s.jdbc.datasource.DataSourceUtils - Fetching JDBC Connection from DataSource
2022-02-25 12:16:49 [DEBUG] o.m.s.t.SpringManagedTransaction - JDBC Connection [HikariProxyConnection@507987405 wrapping net.sf.log4jdbc.sql.jdbcapi.ConnectionSpy@7c7c45aa] will not be managed by Spring
2022-02-25 12:16:49 [DEBUG] c.x.c.dao.ArticleDao.getBoardById - ==>  Preparing: SELECT * FROM board AS B WHERE B.id = ? AND B.delStatus = 0
2022-02-25 12:16:49 [DEBUG] c.x.c.dao.ArticleDao.getBoardById - ==> Parameters: 1(Integer)
2022-02-25 12:16:49 [DEBUG] jdbc.sqltiming -  com.zaxxer.hikari.pool.ProxyPreparedStatement.execute(ProxyPreparedStatement.java:44)
1035. SELECT *
				FROM board AS B
				WHERE B.id = 1
				AND B.delStatus = 0
 {executed in 1 msec}
2022-02-25 12:16:49 [INFO ] jdbc.resultsettable - 
|---|--------------------|--------------------|-------|-------|------------|----------|----------|--------|---------|-------------|----------|-------------|
|id |regdate             |updatedate          |name   |code   |blindstatus |blinddate |delstatus |deldate |hitcount |repliescount |likecount |dislikecount |
|---|--------------------|--------------------|-------|-------|------------|----------|----------|--------|---------|-------------|----------|-------------|
|1  |2022-02-18 19:05:10 |2022-02-18 19:05:10 |NOTICE |notice |false       |null      |false     |null    |0        |0            |0         |0            |
|---|--------------------|--------------------|-------|-------|------------|----------|----------|--------|---------|-------------|----------|-------------|

2022-02-25 12:16:49 [DEBUG] c.x.c.dao.ArticleDao.getBoardById - <==      Total: 1
2022-02-25 12:16:49 [DEBUG] org.mybatis.spring.SqlSessionUtils - Closing non transactional SqlSession [org.apache.ibatis.session.defaults.DefaultSqlSession@60c33575]
2022-02-25 12:16:49 [DEBUG] org.mybatis.spring.SqlSessionUtils - Creating a new SqlSession
2022-02-25 12:16:49 [DEBUG] org.mybatis.spring.SqlSessionUtils - SqlSession [org.apache.ibatis.session.defaults.DefaultSqlSession@2473a11c] was not registered for synchronization because synchronization is not active
2022-02-25 12:16:49 [DEBUG] o.s.jdbc.datasource.DataSourceUtils - Fetching JDBC Connection from DataSource
2022-02-25 12:16:49 [DEBUG] o.m.s.t.SpringManagedTransaction - JDBC Connection [HikariProxyConnection@1034655976 wrapping net.sf.log4jdbc.sql.jdbcapi.ConnectionSpy@7c7c45aa] will not be managed by Spring
2022-02-25 12:16:49 [DEBUG] c.x.c.d.A.getArticlesTotalCount - ==>  Preparing: SELECT COUNT(*) AS cnt FROM article AS A WHERE A.boardId = ? AND A.delStatus = 0
2022-02-25 12:16:49 [DEBUG] c.x.c.d.A.getArticlesTotalCount - ==> Parameters: 1(Integer)
2022-02-25 12:16:49 [DEBUG] jdbc.sqltiming -  com.zaxxer.hikari.pool.ProxyPreparedStatement.execute(ProxyPreparedStatement.java:44)
1035. SELECT COUNT(*) AS cnt
				FROM article AS A
				WHERE A.boardId = 1

				AND A.delStatus = 0
 {executed in 1 msec}
2022-02-25 12:16:49 [INFO ] jdbc.resultsettable - 
|----|
|cnt |
|----|
|30  |
|----|

2022-02-25 12:16:49 [DEBUG] c.x.c.d.A.getArticlesTotalCount - <==      Total: 1
2022-02-25 12:16:49 [DEBUG] org.mybatis.spring.SqlSessionUtils - Closing non transactional SqlSession [org.apache.ibatis.session.defaults.DefaultSqlSession@2473a11c]
2022-02-25 12:16:49 [DEBUG] org.mybatis.spring.SqlSessionUtils - Creating a new SqlSession
2022-02-25 12:16:49 [DEBUG] org.mybatis.spring.SqlSessionUtils - SqlSession [org.apache.ibatis.session.defaults.DefaultSqlSession@98e7094] was not registered for synchronization because synchronization is not active
2022-02-25 12:16:49 [DEBUG] o.s.jdbc.datasource.DataSourceUtils - Fetching JDBC Connection from DataSource
2022-02-25 12:16:49 [DEBUG] o.m.s.t.SpringManagedTransaction - JDBC Connection [HikariProxyConnection@1229983506 wrapping net.sf.log4jdbc.sql.jdbcapi.ConnectionSpy@7c7c45aa] will not be managed by Spring
2022-02-25 12:16:49 [DEBUG] c.x.c.d.A.getForPrintArticles - ==>  Preparing: SELECT * FROM article AS A WHERE A.boardId = ? ORDER BY A.id DESC LIMIT ?, ?;
2022-02-25 12:16:49 [DEBUG] c.x.c.d.A.getForPrintArticles - ==> Parameters: 1(Integer), 0(Integer), 20(Integer)
2022-02-25 12:16:49 [DEBUG] jdbc.sqltiming -  com.zaxxer.hikari.pool.ProxyPreparedStatement.execute(ProxyPreparedStatement.java:44)
1035. SELECT *
				FROM article AS A
				WHERE A.boardId = 1

				ORDER BY A.id DESC
				LIMIT 0, 20;
 {executed in 2 msec}
2022-02-25 12:16:49 [INFO ] jdbc.resultsettable - 
|---|--------------------|--------------------|--------|---------|------|-----|------------|----------|----------|--------|---------|-------------|----------|-------------|
|id |regdate             |updatedate          |boardid |memberid |title |body |blindstatus |blinddate |delstatus |deldate |hitcount |repliescount |likecount |dislikecount |
|---|--------------------|--------------------|--------|---------|------|-----|------------|----------|----------|--------|---------|-------------|----------|-------------|
|32 |2022-02-25 12:12:31 |2022-02-25 12:12:31 |1       |2        |가나목5  |본문3  |false       |null      |false     |null    |0        |0            |0         |0            |
|31 |2022-02-25 12:12:31 |2022-02-25 12:12:31 |1       |2        |제목4   |본문4  |false       |null      |false     |null    |0        |0            |0         |0            |
|30 |2022-02-25 12:12:31 |2022-02-25 12:12:31 |1       |1        |제목3   |본문3  |false       |null      |false     |null    |0        |0            |0         |0            |
|29 |2022-02-25 12:12:31 |2022-02-25 12:12:31 |1       |1        |제목2   |본문2  |false       |null      |false     |null    |0        |0            |0         |0            |
|28 |2022-02-25 12:12:31 |2022-02-25 12:12:31 |1       |1        |제목1   |본문1  |false       |null      |false     |null    |0        |0            |0         |0            |
|27 |2022-02-25 12:12:30 |2022-02-25 12:12:30 |1       |2        |가나목5  |본문3  |false       |null      |false     |null    |0        |0            |0         |0            |
|26 |2022-02-25 12:12:30 |2022-02-25 12:12:30 |1       |2        |제목4   |본문4  |false       |null      |false     |null    |0        |0            |0         |0            |
|25 |2022-02-25 12:12:30 |2022-02-25 12:12:30 |1       |1        |제목3   |본문3  |false       |null      |false     |null    |0        |0            |0         |0            |
|24 |2022-02-25 12:12:30 |2022-02-25 12:12:30 |1       |1        |제목2   |본문2  |false       |null      |false     |null    |0        |0            |0         |0            |
|23 |2022-02-25 12:12:30 |2022-02-25 12:12:30 |1       |1        |제목1   |본문1  |false       |null      |false     |null    |0        |0            |0         |0            |
|22 |2022-02-25 12:12:30 |2022-02-25 12:12:30 |1       |2        |가나목5  |본문3  |false       |null      |false     |null    |0        |0            |0         |0            |
|21 |2022-02-25 12:12:30 |2022-02-25 12:12:30 |1       |2        |제목4   |본문4  |false       |null      |false     |null    |0        |0            |0         |0            |
|20 |2022-02-25 12:12:30 |2022-02-25 12:12:30 |1       |1        |제목3   |본문3  |false       |null      |false     |null    |0        |0            |0         |0            |
|19 |2022-02-25 12:12:30 |2022-02-25 12:12:30 |1       |1        |제목2   |본문2  |false       |null      |false     |null    |0        |0            |0         |0            |
|18 |2022-02-25 12:12:30 |2022-02-25 12:12:30 |1       |1        |제목1   |본문1  |false       |null      |false     |null    |0        |0            |0         |0            |
|17 |2022-02-25 12:12:29 |2022-02-25 12:12:29 |1       |2        |가나목5  |본문3  |false       |null      |false     |null    |0        |0            |0         |0            |
|16 |2022-02-25 12:12:29 |2022-02-25 12:12:29 |1       |2        |제목4   |본문4  |false       |null      |false     |null    |0        |0            |0         |0            |
|15 |2022-02-25 12:12:29 |2022-02-25 12:12:29 |1       |1        |제목3   |본문3  |false       |null      |false     |null    |0        |0            |0         |0            |
|14 |2022-02-25 12:12:29 |2022-02-25 12:12:29 |1       |1        |제목2   |본문2  |false       |null      |false     |null    |0        |0            |0         |0            |
|13 |2022-02-25 12:12:29 |2022-02-25 12:12:29 |1       |1        |제목1   |본문1  |false       |null      |false     |null    |0        |0            |0         |0            |
|---|--------------------|--------------------|--------|---------|------|-----|------------|----------|----------|--------|---------|-------------|----------|-------------|

2022-02-25 12:16:49 [DEBUG] c.x.c.d.A.getForPrintArticles - <==      Total: 20
2022-02-25 12:16:49 [DEBUG] org.mybatis.spring.SqlSessionUtils - Closing non transactional SqlSession [org.apache.ibatis.session.defaults.DefaultSqlSession@98e7094]
2022-02-25 12:17:09 [DEBUG] com.zaxxer.hikari.pool.HikariPool - HikariPool-5 - Pool stats (total=10, active=0, idle=10, waiting=0)
2022-02-25 12:17:09 [DEBUG] com.zaxxer.hikari.pool.HikariPool - HikariPool-5 - Fill pool skipped, pool is at sufficient level.
2022-02-25 12:17:39 [DEBUG] com.zaxxer.hikari.pool.HikariPool - HikariPool-5 - Pool stats (total=10, active=0, idle=10, waiting=0)
2022-02-25 12:17:39 [DEBUG] com.zaxxer.hikari.pool.HikariPool - HikariPool-5 - Fill pool skipped, pool is at sufficient level.
2022-02-25 12:18:09 [DEBUG] com.zaxxer.hikari.pool.HikariPool - HikariPool-5 - Pool stats (total=10, active=0, idle=10, waiting=0)
2022-02-25 12:18:09 [DEBUG] com.zaxxer.hikari.pool.HikariPool - HikariPool-5 - Fill pool skipped, pool is at sufficient level.
2022-02-25 12:18:39 [DEBUG] com.zaxxer.hikari.pool.HikariPool - HikariPool-5 - Pool stats (total=10, active=0, idle=10, waiting=0)
2022-02-25 12:18:39 [DEBUG] com.zaxxer.hikari.pool.HikariPool - HikariPool-5 - Fill pool skipped, pool is at sufficient level.
2022-02-25 12:19:09 [DEBUG] com.zaxxer.hikari.pool.HikariPool - HikariPool-5 - Pool stats (total=10, active=0, idle=10, waiting=0)
2022-02-25 12:19:09 [DEBUG] com.zaxxer.hikari.pool.HikariPool - HikariPool-5 - Fill pool skipped, pool is at sufficient level.
2022-02-25 12:19:39 [DEBUG] com.zaxxer.hikari.pool.HikariPool - HikariPool-5 - Pool stats (total=10, active=0, idle=10, waiting=0)
2022-02-25 12:19:39 [DEBUG] com.zaxxer.hikari.pool.HikariPool - HikariPool-5 - Fill pool skipped, pool is at sufficient level.
